{"logTime": "0808/134132", "correlationVector":"QavpW3ihe3OWCHTCyX99aj","action":"EXTENSION_UPDATE_SERVICE", "result":""}
{"logTime": "0808/134136", "correlationVector":"qvpQqoLxhGEt8gpLbFh7PV","action":"EXTENSION_UPDATER", "result":""}
{"logTime": "0808/134138", "correlationVector":"aN1zHG+7qQ1IxhwL+F988T","action":"EXTENSION_UPDATE_SERVICE", "result":""}
{"logTime": "0808/144133", "correlationVector":"D535DC01D2E34B59BDB61C0B245F22F1","action":"FETCH_UX_CONFIG", "result":""}
{"logTime": "0808/154133", "correlationVector":"9AA2438C6E0D478DBAF31706C6EF8D5B","action":"FETCH_UX_CONFIG", "result":""}
{"logTime": "0808/164133", "correlationVector":"07355143BC9D412D95477CA0E180CD5E","action":"FETCH_UX_CONFIG", "result":""}
{"logTime": "0808/174133", "correlationVector":"3E42831AEFC34AE482A20A7119E91711","action":"FETCH_UX_CONFIG", "result":""}
{"logTime": "0808/184133", "correlationVector":"D4E47D5FBC5D4BAB8AF79674CAE6E184","action":"FETCH_UX_CONFIG", "result":""}
{"logTime": "0808/184136", "correlationVector":"Esl5CU5sE/aPxa/z6XM79m","action":"EXTENSION_ACTIVITY_LOG_STATUS_FETCHER", "result":""}
{"logTime": "0808/184236", "correlationVector":"sZIzP2PM1Pjhjv5q75C4/C","action":"EXTENSION_UPDATE_SERVICE", "result":""}
{"logTime": "0808/185717", "correlationVector":"kh7NP0IXbdU9kk4ECfFknz","action":"EXTENSION_UPDATER", "result":""}
{"logTime": "0808/185717", "correlationVector":"lswXG/OZX8NB42XVFfpLy9","action":"EXTENSION_UPDATE_SERVICE", "result":""}
{"logTime": "0808/194133", "correlationVector":"08562C851BEC429484CC08662892F493","action":"FETCH_UX_CONFIG", "result":""}
{"logTime": "0808/204133", "correlationVector":"3164152AE4B14AD4A71EAD2B40197E2D","action":"FETCH_UX_CONFIG", "result":""}
{"logTime": "0808/214133", "correlationVector":"7C02804E8C4E49C4B72160E4E1A2A168","action":"FETCH_UX_CONFIG", "result":""}
{"logTime": "0808/224133", "correlationVector":"C673B7354B784C52AB09C5310E090B04","action":"FETCH_UX_CONFIG", "result":""}
{"logTime": "0808/234134", "correlationVector":"FKNFCqyIQnxzBXxmBQEQyK","action":"EXTENSION_UPDATER", "result":""}
{"logTime": "0808/234134", "correlationVector":"PY1ASLdtCP/SSxYGQyq+eb","action":"EXTENSION_UPDATE_SERVICE", "result":""}
{"logTime": "0808/234137", "correlationVector":"B3934A1B1E6646ADB52B7293A8A1C0ED","action":"FETCH_UX_CONFIG", "result":""}
{"logTime": "0808/234142", "correlationVector":"/b6lHrHTXQ8Xtmh3Q2Vbm4","action":"EXTENSION_UPDATE_SERVICE", "result":""}
{"logTime": "0808/234421", "correlationVector":"rqcqVrB9HHRGObZvlxO022","action":"EXTENSION_ACTIVITY_LOG_STATUS_FETCHER", "result":""}
{"logTime": "0809/004134", "correlationVector":"8B7D88B36CB943A287FF1A600A0201DC","action":"FETCH_UX_CONFIG", "result":""}
{"logTime": "0809/014134", "correlationVector":"698BF3626E6945A3A8F7FD400A5014AA","action":"FETCH_UX_CONFIG", "result":""}
{"logTime": "0809/024134", "correlationVector":"5FCBE9C28FDE400F9C03B32E08F6F8CD","action":"FETCH_UX_CONFIG", "result":""}
{"logTime": "0809/034134", "correlationVector":"0288E7B7B9C341BD82F55B7F87A113C2","action":"FETCH_UX_CONFIG", "result":""}
{"logTime": "0809/041653", "correlationVector":"HYa2vVRGbh2KoivyucBNK3","action":"EXTENSION_UPDATER", "result":""}
{"logTime": "0809/041653", "correlationVector":"XXiKpFPzNtlGRN/9Fa3IHP","action":"EXTENSION_UPDATE_SERVICE", "result":""}
{"logTime": "0809/140452", "correlationVector":"1F8DCF1FD77F4BFDAC86A5367E43BB53","action":"FETCH_UX_CONFIG", "result":""}
{"logTime": "0809/140455", "correlationVector":"ZpzmAmkJLMDcT7uDLdwEDZ","action":"EXTENSION_UPDATER", "result":""}
{"logTime": "0809/140455", "correlationVector":"l0/I8t6yTW8SsZW/p1TDWy","action":"EXTENSION_UPDATE_SERVICE", "result":""}
{"logTime": "0809/140502", "correlationVector":"6WZKMCfXo0xmDql2PjEnFr","action":"EXTENSION_UPDATE_SERVICE", "result":""}
{"logTime": "0809/140713", "correlationVector":"On076aAeWyM4bdmqTLGkbW","action":"EXTENSION_ACTIVITY_LOG_STATUS_FETCHER", "result":""}
{"logTime": "0809/150452", "correlationVector":"04E27B4004ED41EEB3BA186C3FE08A92","action":"FETCH_UX_CONFIG", "result":""}
{"logTime": "0809/160452", "correlationVector":"C7E15A5FAC9A4AB1BC6ADB0CA41584F8","action":"FETCH_UX_CONFIG", "result":""}
{"logTime": "0809/170452", "correlationVector":"BBDB0C42A3BE47088A600775BBB1AA1F","action":"FETCH_UX_CONFIG", "result":""}
{"logTime": "0809/171645", "correlationVector":"PuliTtYT40yUKsXL6bxD4Y","action":"EXTENSION_UPDATER", "result":""}
{"logTime": "0809/171645", "correlationVector":"FBcT71k92gvM7Y7Mgnm1eK","action":"EXTENSION_UPDATE_SERVICE", "result":""}
{"logTime": "0809/171645", "correlationVector":"ieJGcxnibv4fIcDYQfd7tO","action":"EXTENSION_UPDATER", "result":""}
{"logTime": "0809/171647", "correlationVector":"gmNRCOUpMHw4uDinUu/zpF","action":"EXTENSION_ACTIVITY_LOG_STATUS_FETCHER", "result":""}
{"logTime": "0809/171647", "correlationVector":"AvSY/nC3yIJewnV4ruZ64Q","action":"EXTENSION_ACTIVITY_LOG_STATUS_FETCHER", "result":""}
{"logTime": "0809/180450", "correlationVector":"439AC71AD1D04383B266D6D04DE03E0E","action":"FETCH_UX_CONFIG", "result":""}
{"logTime": "0809/184204", "correlationVector":"Ra1Lg3tiufrLa/KAXC4IS4","action":"EXTENSION_UPDATER", "result":""}
{"logTime": "0809/184204", "correlationVector":"xb7vYn05u/oJAunF4CGF9V","action":"EXTENSION_UPDATE_SERVICE", "result":""}
{"logTime": "0809/184326", "correlationVector":"7OqI6gQfYSs66Ycrlf9qtK","action":"EXTENSION_UPDATE_SERVICE", "result":""}
{"logTime": "0809/190451", "correlationVector":"C81172407ED340DB9182CEC29739528B","action":"FETCH_UX_CONFIG", "result":""}
{"logTime": "0809/210451", "correlationVector":"A96E3389A4C14B328AE102C2498E6216","action":"FETCH_UX_CONFIG", "result":""}
{"logTime": "0809/220451", "correlationVector":"CD2598423F68490EA4C6DCE92A6AF09E","action":"FETCH_UX_CONFIG", "result":""}
{"logTime": "0809/221646", "correlationVector":"0dbume+wE8jz+7bMNDsEnN","action":"EXTENSION_ACTIVITY_LOG_STATUS_FETCHER", "result":""}
{"logTime": "0809/230443", "correlationVector":"X0Q8fsC9QJWhy7gm48dhY9","action":"EXTENSION_UPDATER", "result":""}
{"logTime": "0809/230443", "correlationVector":"iIGT01iEgSdWJnM2GGfS1H","action":"EXTENSION_UPDATE_SERVICE", "result":""}
{"logTime": "0809/230451", "correlationVector":"6BDA9839DE6C48108E36DF96F78781BF","action":"FETCH_UX_CONFIG", "result":""}
{"logTime": "0809/232931", "correlationVector":"jl8CLPQG0l+lDQM9GVzojB","action":"EXTENSION_UPDATE_SERVICE", "result":""}
{"logTime": "0810/000451", "correlationVector":"2BDE328B126848B3A36C65204FC74639","action":"FETCH_UX_CONFIG", "result":""}
{"logTime": "0810/010451", "correlationVector":"4119C7EB643341F5B8BBE09860DAD6AF","action":"FETCH_UX_CONFIG", "result":""}
{"logTime": "0810/020451", "correlationVector":"F4D3E05E5B5E42C99325C3A6C43979BF","action":"FETCH_UX_CONFIG", "result":""}
{"logTime": "0810/172913", "correlationVector":"E531593F2F5B402BAB69C7DC14C29A76","action":"FETCH_UX_CONFIG", "result":""}
{"logTime": "0810/172919", "correlationVector":"XvhAPAMygH2sCWApjcZ15W","action":"EXTENSION_UPDATER", "result":""}
{"logTime": "0810/172919", "correlationVector":"CAwhcam7Jby8FbRJkFle4E","action":"EXTENSION_UPDATE_SERVICE", "result":""}
{"logTime": "0810/172920", "correlationVector":"xQvcFzAfD5vB7UUa16xg54","action":"EXTENSION_UPDATE_SERVICE", "result":""}
{"logTime": "0810/173035", "correlationVector":"xjMU3uewisFrxNZrWSerqu","action":"EXTENSION_ACTIVITY_LOG_STATUS_FETCHER", "result":""}
{"logTime": "0810/182912", "correlationVector":"E06120D9952C478E9C7B205FB11281B0","action":"FETCH_UX_CONFIG", "result":""}
{"logTime": "0810/192912", "correlationVector":"F59DBA56F3584423B92D328B331F4D4A","action":"FETCH_UX_CONFIG", "result":""}
{"logTime": "0810/202912", "correlationVector":"077537FC9AB44E55A9993A9CCF3CFF98","action":"FETCH_UX_CONFIG", "result":""}
{"logTime": "0811/011118", "correlationVector":"WfnyR9H7n2o8HHFjjjNB9R","action":"EXTENSION_ACTIVITY_LOG_STATUS_FETCHER", "result":""}
{"logTime": "0811/011118", "correlationVector":"5LWIJxlunPxD2GY2L1x+4H","action":"EXTENSION_UPDATER", "result":""}
{"logTime": "0811/011118", "correlationVector":"CSPaL2kmWSs8qaGKKIJ00Q","action":"EXTENSION_UPDATE_SERVICE", "result":""}
{"logTime": "0811/011123", "correlationVector":"5900F6D1B5254E42BB15E8625C00A4DB","action":"FETCH_UX_CONFIG", "result":""}
{"logTime": "0811/011126", "correlationVector":"EJncZIG2EBusSXETGWfb/q","action":"EXTENSION_UPDATE_SERVICE", "result":""}
{"logTime": "0811/021119", "correlationVector":"DBA764A39D84422886281CB54C86591C","action":"FETCH_UX_CONFIG", "result":""}
{"logTime": "0811/031118", "correlationVector":"9AF6806318A2453CA42DC6CA0DD13AA9","action":"FETCH_UX_CONFIG", "result":""}
{"logTime": "0811/115909", "correlationVector":"8B0AB7E017E04DC4B137AB692082B947","action":"FETCH_UX_CONFIG", "result":""}
{"logTime": "0811/115914", "correlationVector":"Q6QEbbmGvasYb2e6iw8ddT","action":"EXTENSION_UPDATER", "result":""}
{"logTime": "0811/115914", "correlationVector":"9j2lnb0jDZ0dei812t0OSR","action":"EXTENSION_UPDATE_SERVICE", "result":""}
{"logTime": "0811/115915", "correlationVector":"ga6sCOcwi6KG8qC0TPwvxR","action":"EXTENSION_UPDATE_SERVICE", "result":""}
{"logTime": "0811/120205", "correlationVector":"hpPRlCu3n3C2KvbJaTaZkB","action":"EXTENSION_ACTIVITY_LOG_STATUS_FETCHER", "result":""}
{"logTime": "0811/125908", "correlationVector":"F6E54B32CEF2498799C443E5FE1CA487","action":"FETCH_UX_CONFIG", "result":""}
{"logTime": "0811/135908", "correlationVector":"575CFD357E2946F0A47E7871574671D6","action":"FETCH_UX_CONFIG", "result":""}
{"logTime": "0811/145908", "correlationVector":"C6F6799F1F244F2B94D581A2F6540576","action":"FETCH_UX_CONFIG", "result":""}
{"logTime": "0811/155908", "correlationVector":"AB6135A27588496A8D995792C9BC2865","action":"FETCH_UX_CONFIG", "result":""}
{"logTime": "0811/160518", "correlationVector":"4eI5Tvc6gHuH8qEn3Uuh56","action":"EXTENSION_UPDATER", "result":""}
{"logTime": "0811/160518", "correlationVector":"gc2tiC5MvXewe5Sc1+pim6","action":"EXTENSION_UPDATE_SERVICE", "result":""}
{"logTime": "0811/165112", "correlationVector":"2gziexsrlYHMisTUmgsFJA","action":"EXTENSION_UPDATE_SERVICE", "result":""}
{"logTime": "0811/165906", "correlationVector":"04A970EDCC1548CDB87E00ECF04FAAFF","action":"FETCH_UX_CONFIG", "result":""}
{"logTime": "0811/170203", "correlationVector":"Pa4yW/6XYNpW7adeV/p5bF","action":"EXTENSION_ACTIVITY_LOG_STATUS_FETCHER", "result":""}
{"logTime": "0811/175906", "correlationVector":"88C172EDA81C43669069479F20F56F8C","action":"FETCH_UX_CONFIG", "result":""}
{"logTime": "0811/185906", "correlationVector":"8D62723B0ACF46F293E7123BD9505129","action":"FETCH_UX_CONFIG", "result":""}
{"logTime": "0811/195906", "correlationVector":"DE25D089EDF740F6A8D42AC07F4E9EC4","action":"FETCH_UX_CONFIG", "result":""}
{"logTime": "0811/205906", "correlationVector":"19E03A6C50BC4935B4D1C351DD9CEA1A","action":"FETCH_UX_CONFIG", "result":""}
{"logTime": "0811/210509", "correlationVector":"9g34L8qtS9YUXQVxVKUy0X","action":"EXTENSION_UPDATER", "result":""}
{"logTime": "0811/210509", "correlationVector":"CiDzRqoX3STZZ7h+jr9K3t","action":"EXTENSION_UPDATE_SERVICE", "result":""}
{"logTime": "0811/215906", "correlationVector":"52EC9203B18743D2BAF0FA4490DD765D","action":"FETCH_UX_CONFIG", "result":""}
{"logTime": "0811/215909", "correlationVector":"jSZ9YJfSInxG43UaDC5A+B","action":"EXTENSION_UPDATE_SERVICE", "result":""}
{"logTime": "0811/220204", "correlationVector":"xO0bLMWzbwIRlrAqIB8794","action":"EXTENSION_ACTIVITY_LOG_STATUS_FETCHER", "result":""}
{"logTime": "0811/225906", "correlationVector":"709873604A3444CF94108892629243CF","action":"FETCH_UX_CONFIG", "result":""}
{"logTime": "0811/235906", "correlationVector":"06A00FD33B5B4F87824407B2F6F3CC25","action":"FETCH_UX_CONFIG", "result":""}
{"logTime": "0811/235908", "correlationVector":"jeCKXYz7+hUYjdKsOPdF0+","action":"EXTENSION_UPDATER", "result":""}
{"logTime": "0811/235908", "correlationVector":"A+j903v6zwK0WYukAbRrew","action":"EXTENSION_UPDATE_SERVICE", "result":""}
{"logTime": "0811/235908", "correlationVector":"FF12E07B121A4FA988B105C3C2404A89","action":"FETCH_UX_CONFIG", "result":""}
{"logTime": "0811/235912", "correlationVector":"V98gPc8KUsbSjg/mchFvaV","action":"EXTENSION_UPDATE_SERVICE", "result":""}
{"logTime": "0812/000029", "correlationVector":"DSx4JQXEu/6RdqtWj1jNnB","action":"EXTENSION_ACTIVITY_LOG_STATUS_FETCHER", "result":""}
{"logTime": "0812/005908", "correlationVector":"C35EBA76491746ED8D7E2B2A3447DD07","action":"FETCH_UX_CONFIG", "result":""}
{"logTime": "0812/015908", "correlationVector":"B91F2FE74FEB454C91B00BE7599D7025","action":"FETCH_UX_CONFIG", "result":""}
{"logTime": "0812/025909", "correlationVector":"aVdsJv94WzSRUtc6YkamJt","action":"EXTENSION_UPDATER", "result":""}
{"logTime": "0812/025909", "correlationVector":"bTefTgipmECP/fXqZwqC0H","action":"EXTENSION_UPDATE_SERVICE", "result":""}
{"logTime": "0812/025909", "correlationVector":"E5D5E11C9EFF447C82DE4B5F57CC253D","action":"FETCH_UX_CONFIG", "result":""}
{"logTime": "0812/025912", "correlationVector":"S6doiPiOtSnOVKwEaMVfzH","action":"EXTENSION_UPDATE_SERVICE", "result":""}
{"logTime": "0812/030022", "correlationVector":"8YEBS9Rro106OYPm8s/Lov","action":"EXTENSION_ACTIVITY_LOG_STATUS_FETCHER", "result":""}
{"logTime": "0812/035908", "correlationVector":"F046C1414650495B9DE61CC7F669C815","action":"FETCH_UX_CONFIG", "result":""}
{"logTime": "0812/045908", "correlationVector":"657C0957573A4622991A825AA57FC6BA","action":"FETCH_UX_CONFIG", "result":""}
{"logTime": "0812/055908", "correlationVector":"53A10B8761EC4B79A5BD6ADF6C5892C5","action":"FETCH_UX_CONFIG", "result":""}
{"logTime": "0812/065908", "correlationVector":"0BC1BD85391A46F48A9CA6210D470A29","action":"FETCH_UX_CONFIG", "result":""}
{"logTime": "0812/075909", "correlationVector":"265EB517F20741ADBFD9BB2B694ADAB5","action":"FETCH_UX_CONFIG", "result":""}
{"logTime": "0812/075912", "correlationVector":"Ffudhh7mRvJ/pYmiL+KD1T","action":"EXTENSION_UPDATE_SERVICE", "result":""}
{"logTime": "0812/080023", "correlationVector":"7KCEyolNDZ4sPfO4b5Tw1n","action":"EXTENSION_ACTIVITY_LOG_STATUS_FETCHER", "result":""}
{"logTime": "0812/080023", "correlationVector":"pGaJBVQcM8WyZ7g2arcXI3","action":"EXTENSION_UPDATER", "result":""}
{"logTime": "0812/080023", "correlationVector":"e/qWUxvG6F0xsytE1G/G+5","action":"EXTENSION_UPDATE_SERVICE", "result":""}
{"logTime": "0812/085909", "correlationVector":"36F5DE1EC96E4747B15DA780E7874502","action":"FETCH_UX_CONFIG", "result":""}
{"logTime": "0812/095909", "correlationVector":"26DF061AED214B39BAFA27704F8281C0","action":"FETCH_UX_CONFIG", "result":""}
{"logTime": "0812/105909", "correlationVector":"0523E7316DF64B73A0C7A819891CEB42","action":"FETCH_UX_CONFIG", "result":""}
{"logTime": "0812/115909", "correlationVector":"0AB7A931160246349DDEAB5EC0C733E0","action":"FETCH_UX_CONFIG", "result":""}
{"logTime": "0812/125909", "correlationVector":"3C051EB397B2415B97BCA464275FA263","action":"FETCH_UX_CONFIG", "result":""}
{"logTime": "0812/125912", "correlationVector":"BcBgVx3+kYtM5UyT35cUiv","action":"EXTENSION_UPDATE_SERVICE", "result":""}
{"logTime": "0812/130023", "correlationVector":"I253csM+treWv4leSZm9cN","action":"EXTENSION_ACTIVITY_LOG_STATUS_FETCHER", "result":""}
{"logTime": "0812/131212", "correlationVector":"SEP7CndFriYk1cx2YYAehh","action":"EXTENSION_UPDATER", "result":""}
{"logTime": "0812/131212", "correlationVector":"B/j4eLF3X27S5NKwvkM3Fg","action":"EXTENSION_UPDATE_SERVICE", "result":""}
{"logTime": "0812/135909", "correlationVector":"BC48CF0BE4F4403DA4B94C9F9B506311","action":"FETCH_UX_CONFIG", "result":""}
{"logTime": "0812/145909", "correlationVector":"168FC37ABF734BF684297F8B1719030C","action":"FETCH_UX_CONFIG", "result":""}
{"logTime": "0812/155909", "correlationVector":"634A35216C0A464EA0C539EB5BDAC835","action":"FETCH_UX_CONFIG", "result":""}
{"logTime": "0812/165909", "correlationVector":"A11D7EDA1F3B499CA42151BAD793B48C","action":"FETCH_UX_CONFIG", "result":""}
{"logTime": "0812/175907", "correlationVector":"D57172BF20AD43F08F30B293C73CE84F","action":"FETCH_UX_CONFIG", "result":""}
{"logTime": "0812/175913", "correlationVector":"veI1HcZy4+mMj5qY64iyan","action":"EXTENSION_UPDATE_SERVICE", "result":""}
{"logTime": "0812/180022", "correlationVector":"ZLFK5iRfozxrThGgJb/XPr","action":"EXTENSION_ACTIVITY_LOG_STATUS_FETCHER", "result":""}
{"logTime": "0812/184922", "correlationVector":"nEHIOvG4yoEovzaunfdB+S","action":"EXTENSION_UPDATER", "result":""}
{"logTime": "0812/184922", "correlationVector":"XtmwwGj4MV3PcpwXrCtup2","action":"EXTENSION_UPDATE_SERVICE", "result":""}
{"logTime": "0812/185907", "correlationVector":"B95B4B1824494EB8B20EACEC8E0C553C","action":"FETCH_UX_CONFIG", "result":""}
{"logTime": "0812/195908", "correlationVector":"gZubfcxfKExYiiL4ld8WWP","action":"EXTENSION_UPDATER", "result":""}
{"logTime": "0812/195908", "correlationVector":"DVfbszRF94LyRwJ4oO8mW5","action":"EXTENSION_UPDATE_SERVICE", "result":""}
{"logTime": "0812/195909", "correlationVector":"AFF8C5B2932A4794B169C80B97731ACB","action":"FETCH_UX_CONFIG", "result":""}
{"logTime": "0812/195913", "correlationVector":"FXsZ15gN1qn7zatDhzDW6g","action":"EXTENSION_UPDATE_SERVICE", "result":""}
{"logTime": "0812/200059", "correlationVector":"C3rjl8DzmIboJDFshyRuJK","action":"EXTENSION_ACTIVITY_LOG_STATUS_FETCHER", "result":""}
{"logTime": "0812/205908", "correlationVector":"61260020BF9C4EEDB193D18C94230A43","action":"FETCH_UX_CONFIG", "result":""}
{"logTime": "0812/215908", "correlationVector":"1A3A8282D7004A1DB44C481F165A26A7","action":"FETCH_UX_CONFIG", "result":""}
{"logTime": "0812/225908", "correlationVector":"88EF2DBB281241428DF6E2DCE8EA7E52","action":"FETCH_UX_CONFIG", "result":""}
{"logTime": "0812/235908", "correlationVector":"267FDC73762D45E586D07CF3ECCE8B77","action":"FETCH_UX_CONFIG", "result":""}
{"logTime": "0813/005910", "correlationVector":"sYrqOtGwy3QicIuZeb6G2U","action":"EXTENSION_UPDATE_SERVICE", "result":""}
{"logTime": "0813/005910", "correlationVector":"bbM3iBU3V/rxl8wRuIK7Y+","action":"EXTENSION_UPDATE_SERVICE", "result":""}
{"logTime": "0813/005910", "correlationVector":"OQq7fs0Lod1VYUTWtjrfjE","action":"EXTENSION_UPDATE_SERVICE", "result":""}
{"logTime": "0813/010059", "correlationVector":"GKL2V743yuYybI9pHI9LSg","action":"EXTENSION_ACTIVITY_LOG_STATUS_FETCHER", "result":""}
{"logTime": "0813/014735", "correlationVector":"n9PjxeCGbKURnjabGWDeh/","action":"EXTENSION_UPDATER", "result":""}
{"logTime": "0813/014735", "correlationVector":"k7y0PPrxtvmSL2w48Dabee","action":"EXTENSION_UPDATE_SERVICE", "result":""}
{"logTime": "0813/014735", "correlationVector":"IpGB4AftnzhC9119RK2hi+","action":"EXTENSION_UPDATE_SERVICE", "result":""}
{"logTime": "0813/014735", "correlationVector":"JP9CvmnJUqLWZLo3gho6Zx","action":"EXTENSION_UPDATE_SERVICE", "result":""}
{"logTime": "0813/014737", "correlationVector":"8JaX1gk3EdZvfYDM/6lkTi","action":"EXTENSION_UPDATER", "result":""}
{"logTime": "0813/014741", "correlationVector":"DfVBbsH3Ej/4T0SPzIyRd/","action":"EXTENSION_UPDATER", "result":""}
{"logTime": "0813/125515", "correlationVector":"labGEo4Wq2C8Vfhn2a4ede","action":"EXTENSION_UPDATER", "result":""}
{"logTime": "0813/125515", "correlationVector":"quJHCGFEZ36lM0Sn/5CT6n","action":"EXTENSION_UPDATE_SERVICE", "result":""}
{"logTime": "0813/125515", "correlationVector":"UUIDLxfQNqNTAP6uPHZRLD","action":"EXTENSION_UPDATE_SERVICE", "result":""}
{"logTime": "0813/125515", "correlationVector":"gi7gtnXyBH1ezx/QfLvcFk","action":"EXTENSION_UPDATE_SERVICE", "result":""}
{"logTime": "0813/125517", "correlationVector":"WWPk+o2MExhxxv2/Xe+Erw","action":"EXTENSION_UPDATER", "result":""}
{"logTime": "0813/125521", "correlationVector":"/tVyB9/3em6IQ5RXZRgd2K","action":"EXTENSION_UPDATER", "result":""}
{"logTime": "0813/125522", "correlationVector":"o/K1tIluZYGcSdheOWug5d","action":"EXTENSION_UPDATE_SERVICE", "result":""}
{"logTime": "0813/125522", "correlationVector":"aO/2GEE5rKRRE0dUQGP/sv","action":"EXTENSION_UPDATE_SERVICE", "result":""}
{"logTime": "0813/125522", "correlationVector":"8/MAnbyB11PR0rpzv2qgaa","action":"EXTENSION_UPDATE_SERVICE", "result":""}
{"logTime": "0813/125655", "correlationVector":"ioukSXb1XWvWkgNBdT9Yl3","action":"EXTENSION_ACTIVITY_LOG_STATUS_FETCHER", "result":""}
{"logTime": "0813/135508", "correlationVector":"1BCA771013B54736B58C89E97774770F","action":"FETCH_UX_CONFIG", "result":""}
{"logTime": "0813/135510", "correlationVector":"2ZXbbb3gxXTDL6tIp4tkBI","action":"EXTENSION_UPDATER", "result":""}
{"logTime": "0813/135510", "correlationVector":"pD3IhlK5cnyVUTj7dFcs14","action":"EXTENSION_UPDATE_SERVICE", "result":""}
{"logTime": "0813/135510", "correlationVector":"B7612C4FE17D4FAC98D3CA56C2330EA0","action":"FETCH_UX_CONFIG", "result":""}
{"logTime": "0813/135514", "correlationVector":"/kLThf00WyWYHTNpJ3s125","action":"EXTENSION_UPDATE_SERVICE", "result":""}
{"logTime": "0813/135655", "correlationVector":"4+pwXEFi2VAphm6GoLk0id","action":"EXTENSION_ACTIVITY_LOG_STATUS_FETCHER", "result":""}
{"logTime": "0813/145510", "correlationVector":"B06DF8C56C3A45DC8602E82B3DD5A988","action":"FETCH_UX_CONFIG", "result":""}
{"logTime": "0813/221954", "correlationVector":"b93jbYd47E85VrMdLT5hBQ","action":"EXTENSION_ACTIVITY_LOG_STATUS_FETCHER", "result":""}
{"logTime": "0813/221954", "correlationVector":"+bIiTWFSv6Uygn5fRLkWTh","action":"EXTENSION_UPDATER", "result":""}
{"logTime": "0813/221954", "correlationVector":"fAbaG9c1Jd5uzelsNJgkU6","action":"EXTENSION_UPDATE_SERVICE", "result":""}
{"logTime": "0813/222002", "correlationVector":"1B3557D7C16F4264A745D6CA1DEFEB05","action":"FETCH_UX_CONFIG", "result":""}
{"logTime": "0813/222002", "correlationVector":"vcjuF1PMe4Bx/UUMWti5vN","action":"EXTENSION_UPDATE_SERVICE", "result":""}
{"logTime": "0814/145645", "correlationVector":"FclAF7EKCRtVEZhyT6h+kV","action":"EXTENSION_UPDATER", "result":""}
{"logTime": "0814/145645", "correlationVector":"2gGP5jEGZVbR31HGkKbU2+","action":"EXTENSION_UPDATE_SERVICE", "result":""}
{"logTime": "0814/145645", "correlationVector":"AIB0cwotijopL1RUd+H3b5","action":"EXTENSION_UPDATE_SERVICE", "result":""}
{"logTime": "0814/145645", "correlationVector":"C4agLbx1tdWi2nbwh8di5y","action":"EXTENSION_UPDATE_SERVICE", "result":""}
{"logTime": "0814/145645", "correlationVector":"PEQE3N3oO+g2gDQse+gHVk","action":"EXTENSION_UPDATE_SERVICE", "result":""}
{"logTime": "0814/145645", "correlationVector":"2KxcsZ0BL5LH3qyTv8rorr","action":"EXTENSION_UPDATE_SERVICE", "result":""}
{"logTime": "0814/145645", "correlationVector":"gw+t+wdEA5UHklzVwp3nHS","action":"EXTENSION_UPDATE_SERVICE", "result":""}
{"logTime": "0814/145646", "correlationVector":"XgOvBuJ6MO4pnLm8kKhNUQ","action":"EXTENSION_UPDATER", "result":""}
{"logTime": "0814/145650", "correlationVector":"JY3BphvBzEXBZFnE43VGjw","action":"EXTENSION_UPDATER", "result":""}
{"logTime": "0814/145755", "correlationVector":"UuzyxeUHC1uGNrFeGzEwza","action":"EXTENSION_ACTIVITY_LOG_STATUS_FETCHER", "result":""}
{"logTime": "0814/155641", "correlationVector":"2922A2D4C26E49DEB248E17CF126933A","action":"FETCH_UX_CONFIG", "result":""}
{"logTime": "0814/155643", "correlationVector":"j4Ib8KzxxK/v8+E2t09cfm","action":"EXTENSION_UPDATER", "result":""}
{"logTime": "0814/155643", "correlationVector":"b/mIO9mIEKpBHn0maUp0Dy","action":"EXTENSION_UPDATE_SERVICE", "result":""}
{"logTime": "0814/155643", "correlationVector":"A3FF19E2B1EB48F589F1F366D134D1BA","action":"FETCH_UX_CONFIG", "result":""}
{"logTime": "0814/155647", "correlationVector":"8d3K4PIuuo//owsMJwf6Pu","action":"EXTENSION_UPDATE_SERVICE", "result":""}
{"logTime": "0814/155943", "correlationVector":"WOAQ3XUswfmMNqanM7VTBz","action":"EXTENSION_ACTIVITY_LOG_STATUS_FETCHER", "result":""}
{"logTime": "0814/165643", "correlationVector":"6A5EF615548E4A7B9F20F420FAEE6E5B","action":"FETCH_UX_CONFIG", "result":""}
{"logTime": "0814/175643", "correlationVector":"5AD65F2A87D849B989149325BD00FAFF","action":"FETCH_UX_CONFIG", "result":""}
{"logTime": "0814/185643", "correlationVector":"ED3285585B634FDE821C0927954FEEAC","action":"FETCH_UX_CONFIG", "result":""}
{"logTime": "0814/195643", "correlationVector":"4363CC4876B84AC4872D446A0B392B9B","action":"FETCH_UX_CONFIG", "result":""}
{"logTime": "0814/203656", "correlationVector":"ulbyYLPkie8ftMVqffxGx/","action":"EXTENSION_UPDATE_SERVICE", "result":""}
{"logTime": "0814/205643", "correlationVector":"DBBC0569EAB14C808EF44ADC54803C62","action":"FETCH_UX_CONFIG", "result":""}
{"logTime": "0814/205943", "correlationVector":"WpJEB77KM3TDa7vg0h5tbI","action":"EXTENSION_ACTIVITY_LOG_STATUS_FETCHER", "result":""}
{"logTime": "0814/211302", "correlationVector":"0i8I83ud9jfZjTIAucNq8e","action":"EXTENSION_UPDATER", "result":""}
{"logTime": "0814/211302", "correlationVector":"AMoVlqwU0+lk9pDT6H6WVb","action":"EXTENSION_UPDATE_SERVICE", "result":""}
{"logTime": "0814/215643", "correlationVector":"A111AA4C6908433EA7A30E839EA5A13E","action":"FETCH_UX_CONFIG", "result":""}
{"logTime": "0814/225643", "correlationVector":"9A11562CD69D4D738EA6D2733007E706","action":"FETCH_UX_CONFIG", "result":""}
{"logTime": "0814/235643", "correlationVector":"35BB11F1A18C4DF49202825D4EDB371E","action":"FETCH_UX_CONFIG", "result":""}
{"logTime": "0815/005643", "correlationVector":"B65E923FECFD4CD29B2DD0B0A7751E9A","action":"FETCH_UX_CONFIG", "result":""}
{"logTime": "0815/015646", "correlationVector":"1K4dpjA0K8isdprABWGZk8","action":"EXTENSION_UPDATE_SERVICE", "result":""}
{"logTime": "0815/015646", "correlationVector":"lpAHLHwH/gKZT5N6p/I13S","action":"EXTENSION_UPDATE_SERVICE", "result":""}
{"logTime": "0815/015646", "correlationVector":"e4aXTms/smcaw9JdhdccYM","action":"EXTENSION_UPDATE_SERVICE", "result":""}
{"logTime": "0815/015943", "correlationVector":"Y+qfAGbmIa9Al/Y8JMWpjm","action":"EXTENSION_ACTIVITY_LOG_STATUS_FETCHER", "result":""}
{"logTime": "0815/021707", "correlationVector":"PxXUHLR97tfS8Oy97099M6","action":"EXTENSION_UPDATER", "result":""}
{"logTime": "0815/021707", "correlationVector":"yN2sxPDRVV0NMwJ9whDX+M","action":"EXTENSION_UPDATE_SERVICE", "result":""}
{"logTime": "0815/021707", "correlationVector":"2IYCuvixG3tUaMP/XP/3hL","action":"EXTENSION_UPDATE_SERVICE", "result":""}
{"logTime": "0815/021707", "correlationVector":"RLT/tTch0R3UuvZeuAUUKt","action":"EXTENSION_UPDATE_SERVICE", "result":""}
{"logTime": "0815/021709", "correlationVector":"gF322HpqGkh75JUe4GuBOq","action":"EXTENSION_UPDATER", "result":""}
{"logTime": "0815/021713", "correlationVector":"+UpoWcpQsBfZSjTyOx86al","action":"EXTENSION_UPDATER", "result":""}
{"logTime": "0815/065646", "correlationVector":"S3an6nvSjj3f0hsOgTltm3","action":"EXTENSION_UPDATE_SERVICE", "result":""}
{"logTime": "0815/065646", "correlationVector":"fP26UBzpn9oaEbM/fWgIzF","action":"EXTENSION_UPDATE_SERVICE", "result":""}
{"logTime": "0815/065646", "correlationVector":"cM6TNV1fyrs+hS/PTAdMDW","action":"EXTENSION_UPDATE_SERVICE", "result":""}
{"logTime": "0815/065943", "correlationVector":"t0k2wTjBKehzGTqB1pgwpw","action":"EXTENSION_ACTIVITY_LOG_STATUS_FETCHER", "result":""}
{"logTime": "0815/080714", "correlationVector":"uAqQsLWFn09InQDmAhrYb4","action":"EXTENSION_UPDATER", "result":""}
{"logTime": "0815/080714", "correlationVector":"P2ZLrTyLsnZ7yUHQOyaJdV","action":"EXTENSION_UPDATE_SERVICE", "result":""}
{"logTime": "0815/080714", "correlationVector":"8Rk8PaT8G0hYIR+0dCJz5q","action":"EXTENSION_UPDATE_SERVICE", "result":""}
{"logTime": "0815/080714", "correlationVector":"6Tmr+lSPmPPiukXgE8nne2","action":"EXTENSION_UPDATE_SERVICE", "result":""}
{"logTime": "0815/080716", "correlationVector":"WzPeXN32MIxHK278lshkhN","action":"EXTENSION_UPDATER", "result":""}
{"logTime": "0815/080720", "correlationVector":"s8LB+bg47/9smfce/H9EHr","action":"EXTENSION_UPDATER", "result":""}
{"logTime": "0815/115647", "correlationVector":"fRtqXaEgaEmAVPJMAN9A7U","action":"EXTENSION_UPDATE_SERVICE", "result":""}
{"logTime": "0815/115647", "correlationVector":"mTwUb5ZAsN68r2Tf50i2PR","action":"EXTENSION_UPDATE_SERVICE", "result":""}
{"logTime": "0815/115647", "correlationVector":"jz+N732HZLZFQjom8kizgm","action":"EXTENSION_UPDATE_SERVICE", "result":""}
{"logTime": "0815/115943", "correlationVector":"huGBBmk0Isu5AQuIYjVquD","action":"EXTENSION_ACTIVITY_LOG_STATUS_FETCHER", "result":""}
{"logTime": "0815/131818", "correlationVector":"kOs84m7SKMceUSd4YA4a3g","action":"EXTENSION_UPDATER", "result":""}
{"logTime": "0815/131818", "correlationVector":"P0gmrpQ1d4anzrRQTWAtoC","action":"EXTENSION_UPDATE_SERVICE", "result":""}
{"logTime": "0815/131818", "correlationVector":"LUNlJmtIx/eNUaOOE+Z03l","action":"EXTENSION_UPDATE_SERVICE", "result":""}
{"logTime": "0815/131818", "correlationVector":"lsj6K38suJBrYkJe35HV9r","action":"EXTENSION_UPDATE_SERVICE", "result":""}
{"logTime": "0815/131820", "correlationVector":"Y7yEjSMo8tR+DbZMtZ1ccw","action":"EXTENSION_UPDATER", "result":""}
{"logTime": "0815/131824", "correlationVector":"xlHUvlDrsp0baq/8IWGAUU","action":"EXTENSION_UPDATER", "result":""}
{"logTime": "0815/145643", "correlationVector":"73237EF423E14DA5BA2605F60CC96469","action":"FETCH_UX_CONFIG", "result":""}
{"logTime": "0815/155643", "correlationVector":"C59F19506AD846BC9A43A35BFAD9BBBA","action":"FETCH_UX_CONFIG", "result":""}
{"logTime": "0815/164756", "correlationVector":"zCU/rOyQt2aR4fAzAsv9Wl","action":"EXTENSION_UPDATE_SERVICE", "result":""}
{"logTime": "0815/165643", "correlationVector":"FC86E39FEE6D4000A18B15DA1866C106","action":"FETCH_UX_CONFIG", "result":""}
{"logTime": "0815/165943", "correlationVector":"G4PBIhsOosof2I271sJJmQ","action":"EXTENSION_ACTIVITY_LOG_STATUS_FETCHER", "result":""}
{"logTime": "0815/175641", "correlationVector":"A7176FF8986C49C9ABFF7DDA3E56228D","action":"FETCH_UX_CONFIG", "result":""}
{"logTime": "0815/185641", "correlationVector":"7A312CAE43334FDDB79183A2440063F0","action":"FETCH_UX_CONFIG", "result":""}
{"logTime": "0815/191129", "correlationVector":"4YlRCZE34HVGWzozOwgZ2U","action":"EXTENSION_UPDATER", "result":""}
{"logTime": "0815/191129", "correlationVector":"TvxlrOeZkJKtpswpLPnCGu","action":"EXTENSION_UPDATE_SERVICE", "result":""}
{"logTime": "0815/195641", "correlationVector":"52BABD49820A45C48F080712FCE34F13","action":"FETCH_UX_CONFIG", "result":""}
{"logTime": "0815/205641", "correlationVector":"4E7B239502BC4B13A40CC99668F1B6AF","action":"FETCH_UX_CONFIG", "result":""}
{"logTime": "0815/212936", "correlationVector":"9O8qnQhdcPj7BK057ffx56","action":"EXTENSION_UPDATE_SERVICE", "result":""}
{"logTime": "0815/215641", "correlationVector":"5C8C3196A77B4153B5BC1FBB852938C0","action":"FETCH_UX_CONFIG", "result":""}
{"logTime": "0815/215942", "correlationVector":"6mISe/1KsWo7hlfMh3Afdm","action":"EXTENSION_ACTIVITY_LOG_STATUS_FETCHER", "result":""}
{"logTime": "0815/225641", "correlationVector":"98092450DD8C443BB126037F9C2DF4BC","action":"FETCH_UX_CONFIG", "result":""}
{"logTime": "0815/235641", "correlationVector":"FA8B1423134D4B2AAC9DB3C0CD43F43A","action":"FETCH_UX_CONFIG", "result":""}
{"logTime": "0816/005641", "correlationVector":"26917D59EA684B2A9C7739829E99B87F","action":"FETCH_UX_CONFIG", "result":""}
{"logTime": "0816/005921", "correlationVector":"sJqFqYoNpOmbKZ/UJ5Krri","action":"EXTENSION_UPDATER", "result":""}
{"logTime": "0816/005921", "correlationVector":"zTO2C/VlGvOSHGqvqcrpSq","action":"EXTENSION_UPDATE_SERVICE", "result":""}
{"logTime": "0816/015641", "correlationVector":"C97671165EBA4D05A00423C9E80D37F5","action":"FETCH_UX_CONFIG", "result":""}
{"logTime": "0816/023555", "correlationVector":"tb7C60yGI6GCEC9s5novt0","action":"EXTENSION_UPDATE_SERVICE", "result":""}
{"logTime": "0816/025641", "correlationVector":"1936CB2449904666B7F4813D96DE1F3D","action":"FETCH_UX_CONFIG", "result":""}
{"logTime": "0816/025942", "correlationVector":"PbHF8RcgVvw1udWjHrW5wL","action":"EXTENSION_ACTIVITY_LOG_STATUS_FETCHER", "result":""}
{"logTime": "0816/141040", "correlationVector":"C0D3EFD8142C42A19B9C18053B8E5500","action":"FETCH_UX_CONFIG", "result":""}
{"logTime": "0816/141045", "correlationVector":"SHJ+xCzGrV/tlfQlCLe+eH","action":"EXTENSION_UPDATE_SERVICE", "result":""}
{"logTime": "0816/141046", "correlationVector":"0/BSDPr+rM7OJxSp7dzKwp","action":"EXTENSION_UPDATER", "result":""}
{"logTime": "0816/141046", "correlationVector":"muRH2KrNaJB9ye83eax1DH","action":"EXTENSION_UPDATE_SERVICE", "result":""}
{"logTime": "0816/141222", "correlationVector":"lkyiF1vzs8s2jQQdx5up42","action":"EXTENSION_ACTIVITY_LOG_STATUS_FETCHER", "result":""}
{"logTime": "0816/151038", "correlationVector":"B27EB1B275404D6B820011D0C9042996","action":"FETCH_UX_CONFIG", "result":""}
{"logTime": "0816/161038", "correlationVector":"6327E249006F42F99BB3BA5BD2F79E42","action":"FETCH_UX_CONFIG", "result":""}
{"logTime": "0816/171038", "correlationVector":"0619882583FA4538B77770A12B7DF389","action":"FETCH_UX_CONFIG", "result":""}
{"logTime": "0816/181038", "correlationVector":"771D76B545AD4FEBBB4CE2D0C50593AD","action":"FETCH_UX_CONFIG", "result":""}
{"logTime": "0816/191039", "correlationVector":"2094FD06255F4A0BA3516E0208AD5768","action":"FETCH_UX_CONFIG", "result":""}
{"logTime": "0816/191223", "correlationVector":"JZC3AvOqOvDIM14a9MgVXA","action":"EXTENSION_ACTIVITY_LOG_STATUS_FETCHER", "result":""}
{"logTime": "0816/193451", "correlationVector":"+SbCxVGxEn5IRd6gGBN/sw","action":"EXTENSION_UPDATE_SERVICE", "result":""}
{"logTime": "0816/194953", "correlationVector":"/86VIbGobWSso11h3LD58C","action":"EXTENSION_UPDATER", "result":""}
{"logTime": "0816/194953", "correlationVector":"b22oejsTBwbgmdYT4rJbG6","action":"EXTENSION_UPDATE_SERVICE", "result":""}
{"logTime": "0816/201039", "correlationVector":"B61FC469AAD64926A76E911FD29184A7","action":"FETCH_UX_CONFIG", "result":""}
{"logTime": "0816/211039", "correlationVector":"7903953E0C40436AB07D7F14FF615CB8","action":"FETCH_UX_CONFIG", "result":""}
{"logTime": "0816/221039", "correlationVector":"EBF24423532F49F48A840FA06650DCA6","action":"FETCH_UX_CONFIG", "result":""}
{"logTime": "0816/231039", "correlationVector":"17A6EE95598645B5BE0FBB2F4AEFA62B","action":"FETCH_UX_CONFIG", "result":""}
{"logTime": "0817/001039", "correlationVector":"C920A183C25E44918DBE50FBD0272900","action":"FETCH_UX_CONFIG", "result":""}
{"logTime": "0817/001223", "correlationVector":"fG+RHEROS0KUJ/hi/KRLyU","action":"EXTENSION_ACTIVITY_LOG_STATUS_FETCHER", "result":""}
{"logTime": "0817/003251", "correlationVector":"pDcC+tbbeY4Xfrqvgtw7fI","action":"EXTENSION_UPDATE_SERVICE", "result":""}
{"logTime": "0817/004020", "correlationVector":"A5STf8Cd6A493qCxRtpI2V","action":"EXTENSION_UPDATER", "result":""}
{"logTime": "0817/004020", "correlationVector":"1QHYAE+buGnqZgYeBcrq3z","action":"EXTENSION_UPDATE_SERVICE", "result":""}
{"logTime": "0817/011039", "correlationVector":"19948AD2251744BFAFA7BC23D5BBB656","action":"FETCH_UX_CONFIG", "result":""}
{"logTime": "0817/021039", "correlationVector":"708599B63347405BA89E01131D185649","action":"FETCH_UX_CONFIG", "result":""}
{"logTime": "0817/021505", "correlationVector":"zrN6qMdhSAMQ3f0kl88mAA","action":"MSPAY_ENLIST_GET_REQUEST", "result":""}
{"logTime": "0817/021505", "correlationVector":"jwEFqHYeax+8frihmxbLak.0","action":"LIST_TOKEN_METADATA_GET_REQUEST", "result":""}
{"logTime": "0817/031039", "correlationVector":"75F142DA816A415E973C92BD3686EA80","action":"FETCH_UX_CONFIG", "result":""}
{"logTime": "0817/140841", "correlationVector":"JvxijRwvcGhCoPflDTO6Hj","action":"EXTENSION_UPDATER", "result":""}
{"logTime": "0817/140841", "correlationVector":"2EoDVmCdQsAgsKQ4BNbE0S","action":"EXTENSION_UPDATE_SERVICE", "result":""}
{"logTime": "0817/140841", "correlationVector":"1vKv/KRW/gucVlR9470Hwo","action":"EXTENSION_UPDATE_SERVICE", "result":""}
{"logTime": "0817/140841", "correlationVector":"Z2ULQ/a9Q7VvGVXWmxnFPi","action":"EXTENSION_UPDATE_SERVICE", "result":""}
{"logTime": "0817/140843", "correlationVector":"mu9FiFoXrfaX1w9xm6At3D","action":"EXTENSION_UPDATER", "result":""}
{"logTime": "0817/140847", "correlationVector":"lOQzq4WxfECD7iWswtufZu","action":"EXTENSION_UPDATER", "result":""}
{"logTime": "0817/140854", "correlationVector":"nWhZ8zQ2TDs81/bjOm7oZ/","action":"EXTENSION_UPDATE_SERVICE", "result":""}
{"logTime": "0817/140854", "correlationVector":"G2KoKhgfwRjKtUKToDMsy/","action":"EXTENSION_UPDATE_SERVICE", "result":""}
{"logTime": "0817/140854", "correlationVector":"sBdua5gESq3zJ4jkXtKoAE","action":"EXTENSION_UPDATE_SERVICE", "result":""}
{"logTime": "0817/141029", "correlationVector":"z9mOHhGWXT77mvX1RmS+Xv","action":"EXTENSION_ACTIVITY_LOG_STATUS_FETCHER", "result":""}
{"logTime": "0817/150836", "correlationVector":"9139C1443F3D490298E1181E6D41DB9F","action":"FETCH_UX_CONFIG", "result":""}
{"logTime": "0817/160837", "correlationVector":"F958A8C441814A62951F079B522EAFAA","action":"FETCH_UX_CONFIG", "result":""}
{"logTime": "0817/162102", "correlationVector":"f/ecJJvLA2hsdrZNVqGKMD","action":"EXTENSION_UPDATER", "result":""}
{"logTime": "0817/162102", "correlationVector":"SW6QiTFcq9n1atNqyc7RY+","action":"EXTENSION_UPDATE_SERVICE", "result":""}
{"logTime": "0817/162103", "correlationVector":"g2u3wYH9uxKdy1/1+10G/8","action":"EXTENSION_UPDATER", "result":""}
{"logTime": "0817/162104", "correlationVector":"ToVYdKWCuDGpyB6rt5qVWm","action":"EXTENSION_ACTIVITY_LOG_STATUS_FETCHER", "result":""}
{"logTime": "0817/162105", "correlationVector":"wy3pMIwruyKuled8Le50wn","action":"EXTENSION_ACTIVITY_LOG_STATUS_FETCHER", "result":""}
{"logTime": "0817/170837", "correlationVector":"00C10AD2CF884260835D28C8F5E39307","action":"FETCH_UX_CONFIG", "result":""}
{"logTime": "0817/180837", "correlationVector":"CCFD9AA9090A47A395253565F85CA4AE","action":"FETCH_UX_CONFIG", "result":""}
{"logTime": "0817/190256", "correlationVector":"8/N/SlWQkmryI4cnpp6orE","action":"EXTENSION_UPDATER", "result":""}
{"logTime": "0817/190256", "correlationVector":"vBOBnmUHA5Fo5GtEmOvzTa","action":"EXTENSION_UPDATE_SERVICE", "result":""}
{"logTime": "0817/190837", "correlationVector":"D2392F786DBB438EBDF28AE2BAA691D8","action":"FETCH_UX_CONFIG", "result":""}
{"logTime": "0817/191051", "correlationVector":"ujoUQU8qmLpajntzV659Jx","action":"EXTENSION_UPDATE_SERVICE", "result":""}
{"logTime": "0817/200837", "correlationVector":"B6C1AE09D0424CFCB5A83DC0D19E821A","action":"FETCH_UX_CONFIG", "result":""}
{"logTime": "0817/210837", "correlationVector":"43B252F5C7EA4604AEF5D767BE178ECF","action":"FETCH_UX_CONFIG", "result":""}
{"logTime": "0817/212105", "correlationVector":"UBkFCDIWaBVd7tEo5C7Upn","action":"EXTENSION_ACTIVITY_LOG_STATUS_FETCHER", "result":""}
{"logTime": "0817/220837", "correlationVector":"566106C2BA93444A99ED6A8FCD279B05","action":"FETCH_UX_CONFIG", "result":""}
{"logTime": "0817/230837", "correlationVector":"74996BA7C801499D8AB6F133498A7EE0","action":"FETCH_UX_CONFIG", "result":""}
{"logTime": "0818/000837", "correlationVector":"8E43FFF4216A4683B964B87231B99748","action":"FETCH_UX_CONFIG", "result":""}
{"logTime": "0818/001051", "correlationVector":"KNDWHuYgO9VF0nCYhLBhOe","action":"EXTENSION_UPDATE_SERVICE", "result":""}
{"logTime": "0818/002927", "correlationVector":"7OAaVLZUuHGnGOI36kzEzo","action":"EXTENSION_UPDATER", "result":""}
{"logTime": "0818/002927", "correlationVector":"wD27MjSK2YrVTfJ2p3WvcM","action":"EXTENSION_UPDATE_SERVICE", "result":""}
{"logTime": "0818/010837", "correlationVector":"476938DC99944DEE877F2725F051AB72","action":"FETCH_UX_CONFIG", "result":""}
{"logTime": "0818/020837", "correlationVector":"71FC2BCD917243E59D2CA249E34EF162","action":"FETCH_UX_CONFIG", "result":""}
{"logTime": "0818/022105", "correlationVector":"/Eul1SBj2rBVtVqsuXzGN9","action":"EXTENSION_ACTIVITY_LOG_STATUS_FETCHER", "result":""}
{"logTime": "0818/150757", "correlationVector":"4395C05677924290A9B6E10E62609801","action":"FETCH_UX_CONFIG", "result":""}
{"logTime": "0818/150808", "correlationVector":"nG+mDURbcUHMYEnu842pW8","action":"EXTENSION_UPDATER", "result":""}
{"logTime": "0818/150808", "correlationVector":"cap3HVxJRe+bhsl9/e/466","action":"EXTENSION_UPDATE_SERVICE", "result":""}
{"logTime": "0818/150938", "correlationVector":"bgZjPZANbcfZoqBRpSxK63","action":"EXTENSION_UPDATE_SERVICE", "result":""}
{"logTime": "0818/151027", "correlationVector":"j5FRQkdZcMlxSmsTNDHhxQ","action":"EXTENSION_ACTIVITY_LOG_STATUS_FETCHER", "result":""}
{"logTime": "0818/160755", "correlationVector":"C7BD7E94F45B43F8B0507048A3D8467E","action":"FETCH_UX_CONFIG", "result":""}
{"logTime": "0818/170755", "correlationVector":"C41FCB79425D40E5844C4CE0E888DA88","action":"FETCH_UX_CONFIG", "result":""}
{"logTime": "0818/180755", "correlationVector":"FCBC758417214D51B5674557111D126C","action":"FETCH_UX_CONFIG", "result":""}
{"logTime": "0818/190754", "correlationVector":"AFE5D072201D4C73998CC1EA08EB888B","action":"FETCH_UX_CONFIG", "result":""}
{"logTime": "0818/200754", "correlationVector":"C976A97508F1482689D3F28966CDBE70","action":"FETCH_UX_CONFIG", "result":""}
{"logTime": "0818/200757", "correlationVector":"InN0NmCXX1z+d625W2Pb68","action":"EXTENSION_UPDATE_SERVICE", "result":""}
{"logTime": "0818/201026", "correlationVector":"HnPT4tT5xZT+V5BRSrVRpp","action":"EXTENSION_ACTIVITY_LOG_STATUS_FETCHER", "result":""}
{"logTime": "0818/201449", "correlationVector":"mwIWhtMwidMDQC4/XpV3Gv","action":"EXTENSION_UPDATER", "result":""}
{"logTime": "0818/201449", "correlationVector":"+OqbX4r+uijnGdTDtvsid9","action":"EXTENSION_UPDATE_SERVICE", "result":""}
{"logTime": "0818/210754", "correlationVector":"47F72654432F498093F82EE58AA1CDE7","action":"FETCH_UX_CONFIG", "result":""}
{"logTime": "0818/220754", "correlationVector":"ECCB0DC2A8954BB6BE5F0C342C5B1C4F","action":"FETCH_UX_CONFIG", "result":""}
{"logTime": "0818/230754", "correlationVector":"AA6F7FA36FC445FC881554F0730A59D8","action":"FETCH_UX_CONFIG", "result":""}
{"logTime": "0819/000754", "correlationVector":"4CEF64B2EBE74CEAAE6311622B245B9A","action":"FETCH_UX_CONFIG", "result":""}
{"logTime": "0819/010754", "correlationVector":"796725EC1DBB43D0AB3BF9E572586B85","action":"FETCH_UX_CONFIG", "result":""}
{"logTime": "0819/010758", "correlationVector":"9TFyUqOzXVa/kncQSsmtay","action":"EXTENSION_UPDATE_SERVICE", "result":""}
{"logTime": "0819/011026", "correlationVector":"nlurFMRl4YYkKUHkogzEM1","action":"EXTENSION_ACTIVITY_LOG_STATUS_FETCHER", "result":""}
{"logTime": "0819/015645", "correlationVector":"VoMmC9kXskbtnCM8mGiDox","action":"EXTENSION_UPDATER", "result":""}
{"logTime": "0819/015645", "correlationVector":"vSCvSJXPVayLyT0IIB55cZ","action":"EXTENSION_UPDATE_SERVICE", "result":""}
{"logTime": "0819/020754", "correlationVector":"F057AD925B1545B6897D3B23B89553C8","action":"FETCH_UX_CONFIG", "result":""}
{"logTime": "0819/141459", "correlationVector":"4E237F2C6A4B400F99E9D5822D3B7B5E","action":"FETCH_UX_CONFIG", "result":""}
{"logTime": "0819/141504", "correlationVector":"Olg1T89d3bbTdFwPgPnxRm","action":"EXTENSION_UPDATE_SERVICE", "result":""}
{"logTime": "0819/141506", "correlationVector":"681kd6WSkevbunTt74RJsw","action":"EXTENSION_UPDATER", "result":""}
{"logTime": "0819/141506", "correlationVector":"EPNPTKEH2dfXQP//bm0fW5","action":"EXTENSION_UPDATE_SERVICE", "result":""}
{"logTime": "0819/141705", "correlationVector":"PKOkgZ3I1RxpyTC9l1Jo7j","action":"EXTENSION_ACTIVITY_LOG_STATUS_FETCHER", "result":""}
{"logTime": "0819/151459", "correlationVector":"93B64446260D41478A5C2E8A73BD639D","action":"FETCH_UX_CONFIG", "result":""}
{"logTime": "0819/161458", "correlationVector":"54473573D3EE4E9A8A6438F254652B22","action":"FETCH_UX_CONFIG", "result":""}
{"logTime": "0819/171458", "correlationVector":"D8025B7788744F9EA38CF526927A4743","action":"FETCH_UX_CONFIG", "result":""}
{"logTime": "0819/181458", "correlationVector":"510821EEE56447D6B684C3137708FE5E","action":"FETCH_UX_CONFIG", "result":""}
{"logTime": "0819/190904", "correlationVector":"W64nHzB0z99VA51cU07OK7","action":"EXTENSION_UPDATE_SERVICE", "result":""}
{"logTime": "0819/191458", "correlationVector":"311C99D47D7F4381BC9FA29C47C1A2FE","action":"FETCH_UX_CONFIG", "result":""}
{"logTime": "0819/191705", "correlationVector":"V0OdCy1jHEF4ek/0wbITpB","action":"EXTENSION_ACTIVITY_LOG_STATUS_FETCHER", "result":""}
{"logTime": "0819/192207", "correlationVector":"1FSy/Rdn2B0lPk2pV27XHp","action":"EXTENSION_UPDATER", "result":""}
{"logTime": "0819/192207", "correlationVector":"ADPqFgjl3dl7ZH/RdaTujb","action":"EXTENSION_UPDATE_SERVICE", "result":""}
{"logTime": "0819/201458", "correlationVector":"6E30E8DCC243410BBD64FE342A098146","action":"FETCH_UX_CONFIG", "result":""}
{"logTime": "0819/211458", "correlationVector":"929646E5965C40A8B2993D8B72311C43","action":"FETCH_UX_CONFIG", "result":""}
{"logTime": "0819/221458", "correlationVector":"2F8E508BB7EC4AB6804F2CBDD7A5A28F","action":"FETCH_UX_CONFIG", "result":""}
{"logTime": "0819/231458", "correlationVector":"00DD94E6C3764F40855B2D2FD7E8BB29","action":"FETCH_UX_CONFIG", "result":""}
{"logTime": "0819/232352", "correlationVector":"o5jgSBHoMfJNR7n+TDWtWF","action":"EXTENSION_UPDATER", "result":""}
{"logTime": "0819/232352", "correlationVector":"asPhGI8Md4R+HaHHeJceML","action":"EXTENSION_UPDATE_SERVICE", "result":""}
{"logTime": "0820/001459", "correlationVector":"421EF76492F84B5C8FCBAEA6A34337BF","action":"FETCH_UX_CONFIG", "result":""}
{"logTime": "0820/001501", "correlationVector":"7quDqxpzm76xVBAUaVEPIk","action":"EXTENSION_UPDATE_SERVICE", "result":""}
{"logTime": "0820/001706", "correlationVector":"wMONBbP4SOuZp2oRjGgSft","action":"EXTENSION_ACTIVITY_LOG_STATUS_FETCHER", "result":""}
{"logTime": "0820/011459", "correlationVector":"176F770D2F02469B855157FFFC1962B6","action":"FETCH_UX_CONFIG", "result":""}
{"logTime": "0820/021459", "correlationVector":"68660CCA58384B15B55F37E431E867B3","action":"FETCH_UX_CONFIG", "result":""}
{"logTime": "0820/141501", "correlationVector":"060AAAF78DF24D32BA141883A5924509","action":"FETCH_UX_CONFIG", "result":""}
{"logTime": "0820/141506", "correlationVector":"ZXwb7gM7a8Old5hEyXyfbN","action":"EXTENSION_UPDATE_SERVICE", "result":""}
{"logTime": "0820/141507", "correlationVector":"wzPe44v00NjWGgkj1SJ6IS","action":"EXTENSION_UPDATER", "result":""}
{"logTime": "0820/141507", "correlationVector":"eTBBXi5EaAcKRK4x/a9lXw","action":"EXTENSION_UPDATE_SERVICE", "result":""}
{"logTime": "0820/141753", "correlationVector":"XDP/Qfo9YAdA3sGSDxvNY0","action":"EXTENSION_ACTIVITY_LOG_STATUS_FETCHER", "result":""}
{"logTime": "0820/151500", "correlationVector":"BE00150BEC584D1FA3227BB300F4AB96","action":"FETCH_UX_CONFIG", "result":""}
{"logTime": "0820/161500", "correlationVector":"0F17818DDE0C4D2D84F8072ABCFD7896","action":"FETCH_UX_CONFIG", "result":""}
{"logTime": "0820/171458", "correlationVector":"0326704C4AFD43949921075CF0227B17","action":"FETCH_UX_CONFIG", "result":""}
{"logTime": "0820/181458", "correlationVector":"81407374D1FB4A99964D505EA53F870A","action":"FETCH_UX_CONFIG", "result":""}
{"logTime": "0820/190702", "correlationVector":"I4I82zmmkqOshYCvKAF+UA","action":"EXTENSION_UPDATER", "result":""}
{"logTime": "0820/190702", "correlationVector":"hC+Gb0hR1IfV+IrENCX2gP","action":"EXTENSION_UPDATE_SERVICE", "result":""}
{"logTime": "0820/191322", "correlationVector":"xxnO5l/aCsJNQMvcCddpkY","action":"EXTENSION_UPDATE_SERVICE", "result":""}
{"logTime": "0820/191458", "correlationVector":"31B423CECE0E4051AD97F64B36EB3B98","action":"FETCH_UX_CONFIG", "result":""}
{"logTime": "0820/191752", "correlationVector":"z5CgdJHjpKccCr2pzVb8TC","action":"EXTENSION_ACTIVITY_LOG_STATUS_FETCHER", "result":""}
{"logTime": "0820/201458", "correlationVector":"94FF5D9FEDAA4125A1FF93137ECE0588","action":"FETCH_UX_CONFIG", "result":""}
{"logTime": "0820/201500", "correlationVector":"noswU3Q2ceVwuKIwmJeHHN","action":"EXTENSION_UPDATER", "result":""}
{"logTime": "0820/201500", "correlationVector":"5bxlZAGubqst5aqpfWoBye","action":"EXTENSION_UPDATE_SERVICE", "result":""}
{"logTime": "0820/201500", "correlationVector":"9BFC856E98F446D6BF9D43CD3DF86D0D","action":"FETCH_UX_CONFIG", "result":""}
{"logTime": "0820/201505", "correlationVector":"z4nW05pgU5OKVEzXEuiYR+","action":"EXTENSION_UPDATE_SERVICE", "result":""}
{"logTime": "0820/201645", "correlationVector":"LXwz8+LCcDgNoMHPsOuW5o","action":"EXTENSION_ACTIVITY_LOG_STATUS_FETCHER", "result":""}
{"logTime": "0820/211500", "correlationVector":"F456E5C1315345F283B1C3843E8955D1","action":"FETCH_UX_CONFIG", "result":""}
{"logTime": "0820/212402", "correlationVector":"EzASCgYwChwu44AQnlol4v","action":"MSPAY_ENLIST_GET_REQUEST", "result":""}
{"logTime": "0820/212403", "correlationVector":"vP9ihYtRXKYBJwfdA1SCVn.0","action":"LIST_TOKEN_METADATA_GET_REQUEST", "result":""}
{"logTime": "0820/212404", "correlationVector":"gYisBPhWdCUd9Dw+he+xyY","action":"MSPAY_ENLIST_GET_REQUEST", "result":""}
{"logTime": "0820/221500", "correlationVector":"5F7139EAF327448F92DDFF6ECAC40982","action":"FETCH_UX_CONFIG", "result":""}
{"logTime": "0820/231500", "correlationVector":"A96D25CD283740F8A06390FD84C4B1ED","action":"FETCH_UX_CONFIG", "result":""}
{"logTime": "0821/001500", "correlationVector":"51BA0308A66F447EB4C36BCDD1C710A7","action":"FETCH_UX_CONFIG", "result":""}
{"logTime": "0821/010811", "correlationVector":"2HNl4C3oM0sygx8+SW9C7w","action":"EXTENSION_UPDATE_SERVICE", "result":""}
{"logTime": "0821/011500", "correlationVector":"74C222A15C8D4045A9446EFF6FFD2B09","action":"FETCH_UX_CONFIG", "result":""}
{"logTime": "0821/011645", "correlationVector":"G0J4s7tcBlckAp8MMi0tA5","action":"EXTENSION_ACTIVITY_LOG_STATUS_FETCHER", "result":""}
{"logTime": "0821/155919", "correlationVector":"8AC70AB0851E4CF59169B7ED543B259C","action":"FETCH_UX_CONFIG", "result":""}
{"logTime": "0821/155926", "correlationVector":"46d5QqrsCNO5HNn70D7h3+","action":"EXTENSION_UPDATER", "result":""}
{"logTime": "0821/155926", "correlationVector":"+5IAe1WlXDnfcALbhdzfmG","action":"EXTENSION_UPDATE_SERVICE", "result":""}
{"logTime": "0821/160009", "correlationVector":"IxyiPkN9xfMR3LB/jdXZDW","action":"EXTENSION_UPDATE_SERVICE", "result":""}
{"logTime": "0821/160028", "correlationVector":"SVSsZdZxlyfa/r4UWFgMrD","action":"EXTENSION_ACTIVITY_LOG_STATUS_FETCHER", "result":""}
{"logTime": "0821/165918", "correlationVector":"82ED782F5EA340CD9C855446D8110217","action":"FETCH_UX_CONFIG", "result":""}
{"logTime": "0821/175918", "correlationVector":"BA4228AB189C4614AEF4DEE019E8DE07","action":"FETCH_UX_CONFIG", "result":""}
{"logTime": "0821/185918", "correlationVector":"008F4567949747EFACF77EDC3DCEBB53","action":"FETCH_UX_CONFIG", "result":""}
{"logTime": "0821/195918", "correlationVector":"57367D330E5A47629EE46B530F4FCE3F","action":"FETCH_UX_CONFIG", "result":""}
{"logTime": "0821/200808", "correlationVector":"P3V8QidxDLJ3eZz0AvuLSy","action":"EXTENSION_UPDATER", "result":""}
{"logTime": "0821/200808", "correlationVector":"hDV8VcwMQ+y1V04kVJYGUe","action":"EXTENSION_UPDATE_SERVICE", "result":""}
{"logTime": "0821/205918", "correlationVector":"25213E0848DE4C829B9228C71D9F5FE6","action":"FETCH_UX_CONFIG", "result":""}
{"logTime": "0821/210028", "correlationVector":"vwcFSNVnddtC8HALM5KcjE","action":"EXTENSION_ACTIVITY_LOG_STATUS_FETCHER", "result":""}
{"logTime": "0821/211503", "correlationVector":"0tsQCxW4PgojlVtE8QfRTC","action":"EXTENSION_UPDATE_SERVICE", "result":""}
{"logTime": "0821/215918", "correlationVector":"4186BE7BAA27404B80629E6BB6581830","action":"FETCH_UX_CONFIG", "result":""}
{"logTime": "0821/225918", "correlationVector":"DE3A9F27EC2147119D4C0EA53B514BA8","action":"FETCH_UX_CONFIG", "result":""}
{"logTime": "0821/235918", "correlationVector":"7CBBA822732B44629BA78B27E26E5D4B","action":"FETCH_UX_CONFIG", "result":""}
{"logTime": "0822/005918", "correlationVector":"E5A49868C1664AE6806C52FA584AE959","action":"FETCH_UX_CONFIG", "result":""}
{"logTime": "0822/013435", "correlationVector":"k9Afd2Ip7LlFed3qsxvvje","action":"EXTENSION_UPDATER", "result":""}
{"logTime": "0822/013435", "correlationVector":"LmQI1ziwdZJmAIsAHfXPWV","action":"EXTENSION_UPDATE_SERVICE", "result":""}
{"logTime": "0822/015918", "correlationVector":"49410C2562A54B709F64FEC0CA795DD7","action":"FETCH_UX_CONFIG", "result":""}
{"logTime": "0822/020028", "correlationVector":"A+G3NKZCjr+vlj01sx8Soa","action":"EXTENSION_ACTIVITY_LOG_STATUS_FETCHER", "result":""}
{"logTime": "0822/020505", "correlationVector":"bEpU5B/QnVsusoAFAy1sgm","action":"EXTENSION_UPDATE_SERVICE", "result":""}
{"logTime": "0822/025918", "correlationVector":"0297911A0D394A36BAAFD0A0A0F3C3D7","action":"FETCH_UX_CONFIG", "result":""}
{"logTime": "0822/133838", "correlationVector":"6984EC6B6F7841338B64A830B7E6DBBD","action":"FETCH_UX_CONFIG", "result":""}
{"logTime": "0822/133844", "correlationVector":"oV1fkDROzptcw+V5s2N9Oc","action":"EXTENSION_UPDATE_SERVICE", "result":""}
{"logTime": "0822/133845", "correlationVector":"HkqSTYSUmCkxhbnqJFz0HM","action":"EXTENSION_UPDATER", "result":""}
{"logTime": "0822/133845", "correlationVector":"oD999wgWWe/0hvX7FFXr8V","action":"EXTENSION_UPDATE_SERVICE", "result":""}
{"logTime": "0822/134058", "correlationVector":"AYPyVlyJNFY7GXu2a8jjmb","action":"EXTENSION_ACTIVITY_LOG_STATUS_FETCHER", "result":""}
{"logTime": "0822/143837", "correlationVector":"5539FD58D4F9420F9F6B9F6CC04950B8","action":"FETCH_UX_CONFIG", "result":""}
{"logTime": "0822/153837", "correlationVector":"D2FDFB4016E34C5C8C043C97C2711063","action":"FETCH_UX_CONFIG", "result":""}
{"logTime": "0822/163837", "correlationVector":"7D6FDCD890A24F25AF3CD598315931D6","action":"FETCH_UX_CONFIG", "result":""}
{"logTime": "0822/173837", "correlationVector":"02EE2C51DF7F42EE993A79D0869D7E90","action":"FETCH_UX_CONFIG", "result":""}
{"logTime": "0822/182532", "correlationVector":"qX2Ypbv5+ygy1BaiG3P2Rt","action":"EXTENSION_UPDATE_SERVICE", "result":""}
{"logTime": "0822/183837", "correlationVector":"2CAA55F06F4742238C9A687A88EA453B","action":"FETCH_UX_CONFIG", "result":""}
{"logTime": "0822/184058", "correlationVector":"C0GiaZK0c5GVqYiUDwUyc+","action":"EXTENSION_ACTIVITY_LOG_STATUS_FETCHER", "result":""}
{"logTime": "0822/190214", "correlationVector":"kzpHTrE5kN8ITXSjPbIN8S","action":"EXTENSION_UPDATER", "result":""}
{"logTime": "0822/190214", "correlationVector":"HkTe+MMx08WdLPzrEzPgNu","action":"EXTENSION_UPDATE_SERVICE", "result":""}
{"logTime": "0822/193837", "correlationVector":"5847BF3E748C4ADDBF6C49CBD1A5FC58","action":"FETCH_UX_CONFIG", "result":""}
{"logTime": "0822/203837", "correlationVector":"288558F8F4E146198141FACFCF96BF0A","action":"FETCH_UX_CONFIG", "result":""}
{"logTime": "0822/213837", "correlationVector":"49AA52EDE7F74C48843C48DAA6E80427","action":"FETCH_UX_CONFIG", "result":""}
{"logTime": "0822/223837", "correlationVector":"3D8EB4E6E38F46509D8EA87A39165CFE","action":"FETCH_UX_CONFIG", "result":""}
{"logTime": "0822/233143", "correlationVector":"W8jx9xSfVwlxjo+qkNNin8","action":"EXTENSION_UPDATE_SERVICE", "result":""}
{"logTime": "0822/233837", "correlationVector":"06612141ED304362A1C9E9AE041CC448","action":"FETCH_UX_CONFIG", "result":""}
{"logTime": "0822/234058", "correlationVector":"Zt1fr0SkSbctlsoa5OvuIV","action":"EXTENSION_ACTIVITY_LOG_STATUS_FETCHER", "result":""}
{"logTime": "0823/000420", "correlationVector":"U9hJCi6OoYed2KWZm5u+ie","action":"EXTENSION_UPDATER", "result":""}
{"logTime": "0823/000420", "correlationVector":"yNl3pY3If9sJksBKqERdl7","action":"EXTENSION_UPDATE_SERVICE", "result":""}
{"logTime": "0823/003837", "correlationVector":"D8DCEA1E72A74B238B848B10857A99C2","action":"FETCH_UX_CONFIG", "result":""}
{"logTime": "0823/013837", "correlationVector":"ADEA14A0CC6741B6AB5428EACAFBDB43","action":"FETCH_UX_CONFIG", "result":""}
{"logTime": "0823/023837", "correlationVector":"2D1022EE4E7845D39A7538C4D8B0D1EA","action":"FETCH_UX_CONFIG", "result":""}
{"logTime": "0824/154318", "correlationVector":"B1BF1E388FCA415ABA48BEB9A1CDE119","action":"FETCH_UX_CONFIG", "result":""}
{"logTime": "0824/154323", "correlationVector":"yy5Ic6EO8E4fs8vgqYNaU+","action":"EXTENSION_UPDATER", "result":""}
{"logTime": "0824/154323", "correlationVector":"dSSnwfeQs3wqjOUmvb16nW","action":"EXTENSION_UPDATE_SERVICE", "result":""}
{"logTime": "0824/154353", "correlationVector":"4ZsIN0a9CWJd1hqzyNhoIq","action":"EXTENSION_UPDATE_SERVICE", "result":""}
{"logTime": "0824/154520", "correlationVector":"PXk/yK0VCzzKFBxU3cFN1r","action":"EXTENSION_ACTIVITY_LOG_STATUS_FETCHER", "result":""}
{"logTime": "0824/164315", "correlationVector":"FDC85DCBCEE14E0A85B044C312B28951","action":"FETCH_UX_CONFIG", "result":""}
{"logTime": "0824/174315", "correlationVector":"4BBF748A04DE42309CCE990C7A9D3D72","action":"FETCH_UX_CONFIG", "result":""}
{"logTime": "0824/184315", "correlationVector":"8C4C624E483B42B186D5D194384A5C66","action":"FETCH_UX_CONFIG", "result":""}
{"logTime": "0824/194315", "correlationVector":"3EB76A0B52DD4036957BCF2728F196BB","action":"FETCH_UX_CONFIG", "result":""}
{"logTime": "0824/201526", "correlationVector":"+7dDyR8F+d8EIulZkzbq67","action":"EXTENSION_UPDATER", "result":""}
{"logTime": "0824/201526", "correlationVector":"74CQatdg8N3BG34jGUU0RW","action":"EXTENSION_UPDATE_SERVICE", "result":""}
{"logTime": "0824/204315", "correlationVector":"E94C3E152EE042B38F165B8442B20127","action":"FETCH_UX_CONFIG", "result":""}
{"logTime": "0824/204318", "correlationVector":"J9vo/Uu1OycvNj8ZZCadL1","action":"EXTENSION_UPDATE_SERVICE", "result":""}
{"logTime": "0824/204519", "correlationVector":"PLLLpR9ySUWc4+J+N/Y6eJ","action":"EXTENSION_ACTIVITY_LOG_STATUS_FETCHER", "result":""}
{"logTime": "0824/214315", "correlationVector":"564DF989B9E84105AE4124A10DFEB5E0","action":"FETCH_UX_CONFIG", "result":""}
{"logTime": "0824/224315", "correlationVector":"5A489D11CB0E4BBB9B60D427709B0695","action":"FETCH_UX_CONFIG", "result":""}
{"logTime": "0824/234315", "correlationVector":"072B597E880F4A198EA1965B8196A6B5","action":"FETCH_UX_CONFIG", "result":""}
{"logTime": "0825/004316", "correlationVector":"7850286B508A490F911C01A103AF114E","action":"FETCH_UX_CONFIG", "result":""}
{"logTime": "0825/014315", "correlationVector":"DA43E94C55A44710BEAE26B786B7FB95","action":"FETCH_UX_CONFIG", "result":""}
{"logTime": "0825/014320", "correlationVector":"Iz7+LmQFH+b6wF4ZByiRN+","action":"EXTENSION_UPDATE_SERVICE", "result":""}
{"logTime": "0825/014519", "correlationVector":"H6CuElVtORsXmjvw8qZLX5","action":"EXTENSION_ACTIVITY_LOG_STATUS_FETCHER", "result":""}
{"logTime": "0825/015125", "correlationVector":"qBJpGYlc8Ocfo/0Ru2LaDo","action":"EXTENSION_UPDATER", "result":""}
{"logTime": "0825/015125", "correlationVector":"Ru8h3ZAjWXzxNHLC4rtf9r","action":"EXTENSION_UPDATE_SERVICE", "result":""}
{"logTime": "0825/024317", "correlationVector":"FBBC7B7222584367BCC73732EE36A9F9","action":"FETCH_UX_CONFIG", "result":""}
{"logTime": "0825/034315", "correlationVector":"985DAFF6EB0547C39F133CD16E736124","action":"FETCH_UX_CONFIG", "result":""}
{"logTime": "0825/044315", "correlationVector":"621537FDE637451F82C74C773B07C254","action":"FETCH_UX_CONFIG", "result":""}
{"logTime": "0825/054315", "correlationVector":"EAA2A0394E1246259A61986E5A13342C","action":"FETCH_UX_CONFIG", "result":""}
{"logTime": "0825/062508", "correlationVector":"296/pOz8tbJ3uppgZvPeYT","action":"EXTENSION_UPDATER", "result":""}
{"logTime": "0825/062508", "correlationVector":"M716rUMJS0fJYi6iBkMPeH","action":"EXTENSION_UPDATE_SERVICE", "result":""}
{"logTime": "0825/064315", "correlationVector":"28DC50711C5246E4A3A380C446A36146","action":"FETCH_UX_CONFIG", "result":""}
{"logTime": "0825/064323", "correlationVector":"Dug0nfZ7BCF2c2GDYY80+i","action":"EXTENSION_UPDATE_SERVICE", "result":""}
{"logTime": "0825/064520", "correlationVector":"MrvYqc3o7F5b5AgMWjN4iF","action":"EXTENSION_ACTIVITY_LOG_STATUS_FETCHER", "result":""}
{"logTime": "0825/074315", "correlationVector":"A6F866FAEB8242B3809A70A2DD576BA6","action":"FETCH_UX_CONFIG", "result":""}
{"logTime": "0825/084315", "correlationVector":"30843D31006F48A6A515B371A50E0B0B","action":"FETCH_UX_CONFIG", "result":""}
{"logTime": "0825/094315", "correlationVector":"740FAF67BACF48B2BCC67D93DAB841AB","action":"FETCH_UX_CONFIG", "result":""}
{"logTime": "0825/104315", "correlationVector":"DB446DAB9F1F4093AEB49E5B0A0FF2D8","action":"FETCH_UX_CONFIG", "result":""}
{"logTime": "0825/114315", "correlationVector":"AB5BF1B97A8A4730B239D4D0BAF6DC70","action":"FETCH_UX_CONFIG", "result":""}
{"logTime": "0825/114324", "correlationVector":"yLg9OCUO9ZHUzCFpjv8J3G","action":"EXTENSION_UPDATE_SERVICE", "result":""}
{"logTime": "0825/114520", "correlationVector":"jKbQsKa6+Akat3V6TPyirY","action":"EXTENSION_ACTIVITY_LOG_STATUS_FETCHER", "result":""}
{"logTime": "0825/120644", "correlationVector":"BX41MJBBVcd6IgaB9yjB4/","action":"EXTENSION_UPDATER", "result":""}
{"logTime": "0825/120644", "correlationVector":"POLisGqmtlQ488oLGoJ8EO","action":"EXTENSION_UPDATE_SERVICE", "result":""}
{"logTime": "0825/124315", "correlationVector":"342BF647AD604C5CAC0D2D012D72DF59","action":"FETCH_UX_CONFIG", "result":""}
{"logTime": "0825/134315", "correlationVector":"9C7697E646DD4B7FB3C1D9CBBDA307AD","action":"FETCH_UX_CONFIG", "result":""}
{"logTime": "0825/144315", "correlationVector":"34E739C92ED44B93A4F47DF51A9E3BFE","action":"FETCH_UX_CONFIG", "result":""}
{"logTime": "0825/154315", "correlationVector":"82455912A0944856B187AC8FD03FFAC3","action":"FETCH_UX_CONFIG", "result":""}
{"logTime": "0825/163022", "correlationVector":"5SWhgQ1pAfKaA+qTn2WlL8","action":"EXTENSION_UPDATE_SERVICE", "result":""}
{"logTime": "0825/164315", "correlationVector":"BAE449ED80D0495B973C21B1D38881D6","action":"FETCH_UX_CONFIG", "result":""}
{"logTime": "0825/164520", "correlationVector":"cQtSnLd3FCdqupb5SIjmjO","action":"EXTENSION_ACTIVITY_LOG_STATUS_FETCHER", "result":""}
{"logTime": "0825/174314", "correlationVector":"430CE5C9363542DDBAD616DC197C3FFE","action":"FETCH_UX_CONFIG", "result":""}
{"logTime": "0825/174734", "correlationVector":"r7WGlth4vmCPrlF51u6mGr","action":"EXTENSION_UPDATER", "result":""}
{"logTime": "0825/174734", "correlationVector":"CVx0tehjV4WjUSg692Kcyh","action":"EXTENSION_UPDATE_SERVICE", "result":""}
{"logTime": "0825/184314", "correlationVector":"D83493766AE34787BC0975CEB25B1E82","action":"FETCH_UX_CONFIG", "result":""}
{"logTime": "0825/194314", "correlationVector":"17CCEDFB9DF64DC9A2D0D68714031EA0","action":"FETCH_UX_CONFIG", "result":""}
{"logTime": "0825/204314", "correlationVector":"552372F0AE41411084A7DE22043F4F19","action":"FETCH_UX_CONFIG", "result":""}
{"logTime": "0825/213221", "correlationVector":"DpBRNpP7yVU0Jrc8OOF2+N","action":"EXTENSION_UPDATE_SERVICE", "result":""}
{"logTime": "0825/213558", "correlationVector":"5IntCd3TU5fnHNHUNI+OuO","action":"EXTENSION_UPDATE_SERVICE", "result":""}
{"logTime": "0825/214314", "correlationVector":"00AC9FE8424248C8BF48C2FA32010CF0","action":"FETCH_UX_CONFIG", "result":""}
{"logTime": "0825/214519", "correlationVector":"+OnhPvcuf/ds7hVbxUKuHv","action":"EXTENSION_ACTIVITY_LOG_STATUS_FETCHER", "result":""}
{"logTime": "0825/224314", "correlationVector":"BA11ACFF2D7549CA886A594CC793E57D","action":"FETCH_UX_CONFIG", "result":""}
{"logTime": "0825/232329", "correlationVector":"o9Sfoyd0Ep9F8jxG13TlW6","action":"EXTENSION_UPDATER", "result":""}
{"logTime": "0825/232329", "correlationVector":"m6YrwsqPjF5C/a2zsDLmC9","action":"EXTENSION_UPDATE_SERVICE", "result":""}
{"logTime": "0825/234314", "correlationVector":"A0843A51D0DD477687CD395E7EC2C93D","action":"FETCH_UX_CONFIG", "result":""}
{"logTime": "0826/135802", "correlationVector":"rRC0Ic4aKoAEEjuEJbzwU+","action":"EXTENSION_ACTIVITY_LOG_STATUS_FETCHER", "result":""}
{"logTime": "0826/135802", "correlationVector":"nO7ReqTDyrVqPMWp+t7mR6","action":"EXTENSION_UPDATER", "result":""}
{"logTime": "0826/135802", "correlationVector":"8UKe6UgaLkcI3DKZ1hzGbI","action":"EXTENSION_UPDATE_SERVICE", "result":""}
{"logTime": "0826/135807", "correlationVector":"75B1439E7DDC4F15873193569FF9985E","action":"FETCH_UX_CONFIG", "result":""}
{"logTime": "0826/135808", "correlationVector":"njdVjxDLiX+QlfXlooDzTT","action":"EXTENSION_UPDATE_SERVICE", "result":""}
{"logTime": "0826/145802", "correlationVector":"ADDCA2878E454319985F5BE43C375030","action":"FETCH_UX_CONFIG", "result":""}
{"logTime": "0826/155802", "correlationVector":"B22E3D8700B743119672B4F37791D634","action":"FETCH_UX_CONFIG", "result":""}
{"logTime": "0826/165802", "correlationVector":"CB5B7F9C245046C7B63E6218FFAE89D3","action":"FETCH_UX_CONFIG", "result":""}
{"logTime": "0826/175802", "correlationVector":"BF1D0444AEDC4561998AE72EAE9F21DF","action":"FETCH_UX_CONFIG", "result":""}
{"logTime": "0826/185802", "correlationVector":"B446BF57D59A49A8B91BDD9AE0612B6D","action":"FETCH_UX_CONFIG", "result":""}
{"logTime": "0826/185808", "correlationVector":"D9an65ygloRAO+bKOthR79","action":"EXTENSION_ACTIVITY_LOG_STATUS_FETCHER", "result":""}
{"logTime": "0826/191059", "correlationVector":"kf8JFIXi7wqMotnCujTMmY","action":"EXTENSION_UPDATE_SERVICE", "result":""}
{"logTime": "0826/191435", "correlationVector":"NICyGObErwaYKbCLYL/3+t","action":"EXTENSION_UPDATE_SERVICE", "result":""}
{"logTime": "0827/140955", "correlationVector":"B8DB973F91D7466794DD5DB6AA3E2AF9","action":"FETCH_UX_CONFIG", "result":""}
{"logTime": "0827/141000", "correlationVector":"hTrPipOxVD8F434Arp5lJH","action":"EXTENSION_UPDATER", "result":""}
{"logTime": "0827/141000", "correlationVector":"BjhWBsrcWc812i5H8rKSm1","action":"EXTENSION_UPDATE_SERVICE", "result":""}
{"logTime": "0827/141009", "correlationVector":"iHOe9vzPbr6Y3QYdpTrITK","action":"EXTENSION_UPDATE_SERVICE", "result":""}
{"logTime": "0827/141054", "correlationVector":"MiPUEv15G8YUSlxl71p4Dd","action":"EXTENSION_ACTIVITY_LOG_STATUS_FETCHER", "result":""}
{"logTime": "0827/150954", "correlationVector":"026191A082914B6A9D25DC40CFC3B343","action":"FETCH_UX_CONFIG", "result":""}
{"logTime": "0827/150956", "correlationVector":"lkPUUQNGyFckkpaJxlRBPF","action":"EXTENSION_UPDATER", "result":""}
{"logTime": "0827/150956", "correlationVector":"YSbBdmKLjZTDu/KXfRaZS6","action":"EXTENSION_UPDATE_SERVICE", "result":""}
{"logTime": "0827/150957", "correlationVector":"E43FAA3A16ED4F29883AADB1018A24DA","action":"FETCH_UX_CONFIG", "result":""}
{"logTime": "0827/151005", "correlationVector":"OaG1QJ0+0JrZ3DsgOwuCyl","action":"EXTENSION_UPDATE_SERVICE", "result":""}
{"logTime": "0827/151146", "correlationVector":"2gEs4KpHTlPPaRFnaInOFI","action":"EXTENSION_ACTIVITY_LOG_STATUS_FETCHER", "result":""}
{"logTime": "0827/160956", "correlationVector":"03BBE5131DF247C298C1AA2E12671A18","action":"FETCH_UX_CONFIG", "result":""}
{"logTime": "0827/170956", "correlationVector":"CCB51ECAA7C74CE5AD50BAF18BD26A2D","action":"FETCH_UX_CONFIG", "result":""}
{"logTime": "0827/180955", "correlationVector":"C311FC6EAB534A8DB46A16A6D535F931","action":"FETCH_UX_CONFIG", "result":""}
{"logTime": "0827/190955", "correlationVector":"9E0B1FE3108A4BA3BFADE50284432AE0","action":"FETCH_UX_CONFIG", "result":""}
{"logTime": "0827/200955", "correlationVector":"0FBC270D072D41C7B2199B294792BF81","action":"FETCH_UX_CONFIG", "result":""}
{"logTime": "0827/200957", "correlationVector":"5lfyhr99ABloz7t0Sy5xC4","action":"EXTENSION_UPDATE_SERVICE", "result":""}
{"logTime": "0827/201145", "correlationVector":"z68LteyIx8ZBkhRHBmV3rH","action":"EXTENSION_ACTIVITY_LOG_STATUS_FETCHER", "result":""}
{"logTime": "0827/203908", "correlationVector":"MolKBtP2MCJxzWp7mRyr4I","action":"EXTENSION_UPDATER", "result":""}
{"logTime": "0827/203908", "correlationVector":"HtGYuSEmECt4t3oqnu1Maf","action":"EXTENSION_UPDATE_SERVICE", "result":""}
{"logTime": "0827/210955", "correlationVector":"B6CC1801CD6D4092979ED9660C86F4AA","action":"FETCH_UX_CONFIG", "result":""}
{"logTime": "0827/220955", "correlationVector":"21772CA802DD46D39A18989A7B17D38A","action":"FETCH_UX_CONFIG", "result":""}
{"logTime": "0828/164031", "correlationVector":"BD267AEE283B48BC9C94F7DF81DF3BE2","action":"FETCH_UX_CONFIG", "result":""}
{"logTime": "0828/164035", "correlationVector":"lsVn2qSTjYs2/HdZG+3k1x","action":"EXTENSION_UPDATE_SERVICE", "result":""}
{"logTime": "0828/164036", "correlationVector":"vFb3SFz9MvMXDmgcTtv7ol","action":"EXTENSION_UPDATER", "result":""}
{"logTime": "0828/164036", "correlationVector":"kaHOXyevF+VckaiSsht6mJ","action":"EXTENSION_UPDATE_SERVICE", "result":""}
{"logTime": "0828/164321", "correlationVector":"NRGD1pY4/xrgoLvuYToZW5","action":"EXTENSION_ACTIVITY_LOG_STATUS_FETCHER", "result":""}
{"logTime": "0828/174030", "correlationVector":"8A9CC245497941E1818F9E1612BCC326","action":"FETCH_UX_CONFIG", "result":""}
{"logTime": "0828/184030", "correlationVector":"912CC970B62D47A5B914CB4A1F620F48","action":"FETCH_UX_CONFIG", "result":""}
{"logTime": "0828/194030", "correlationVector":"DF7336105ACA4DA189FD367769F2A397","action":"FETCH_UX_CONFIG", "result":""}
{"logTime": "0828/204030", "correlationVector":"F683CF30EA164E5486AD4AE1050C21FE","action":"FETCH_UX_CONFIG", "result":""}
{"logTime": "0828/211925", "correlationVector":"1eXcMkWOZzWtLKVMAu3qB5","action":"EXTENSION_UPDATER", "result":""}
{"logTime": "0828/211925", "correlationVector":"Qbz1bvTsGkaxq9Zhn1k9UN","action":"EXTENSION_UPDATE_SERVICE", "result":""}
{"logTime": "0828/214030", "correlationVector":"E2E025CCA2334E5DA183BBDC84810AE0","action":"FETCH_UX_CONFIG", "result":""}
{"logTime": "0828/214034", "correlationVector":"tChOwi0ULs48oHUufTVEW5","action":"EXTENSION_UPDATE_SERVICE", "result":""}
{"logTime": "0828/214322", "correlationVector":"jIgTElV8AAMevlwohWQuxu","action":"EXTENSION_ACTIVITY_LOG_STATUS_FETCHER", "result":""}
{"logTime": "0828/224030", "correlationVector":"7F306DBE59AB4028BC05EFE9207CB110","action":"FETCH_UX_CONFIG", "result":""}
{"logTime": "0828/234030", "correlationVector":"0E40F25682C741028DE6A4E73453F12E","action":"FETCH_UX_CONFIG", "result":""}
{"logTime": "0829/004030", "correlationVector":"6BE71D57A1924365A7C864CBC8C590F5","action":"FETCH_UX_CONFIG", "result":""}
{"logTime": "0829/014030", "correlationVector":"7068CF95EDD7471181CAF9A4343C4837","action":"FETCH_UX_CONFIG", "result":""}
{"logTime": "0829/014634", "correlationVector":"Vb3B5svYDYdbO1glQzytt8","action":"EXTENSION_UPDATER", "result":""}
{"logTime": "0829/014634", "correlationVector":"8JpSePKquWhU2+hTcBeHOS","action":"EXTENSION_UPDATE_SERVICE", "result":""}
{"logTime": "0829/024030", "correlationVector":"CE85D2D71E21461DB1224A0C7F7AEFD3","action":"FETCH_UX_CONFIG", "result":""}
{"logTime": "0829/024035", "correlationVector":"byVKS/7DCpf8+fkhI8DWNx","action":"EXTENSION_UPDATE_SERVICE", "result":""}
{"logTime": "0829/024322", "correlationVector":"GItIQR8rDSD6+Ea05jA810","action":"EXTENSION_ACTIVITY_LOG_STATUS_FETCHER", "result":""}
{"logTime": "0829/034030", "correlationVector":"57DBB2FE2B6E4DF79CB445FF05D99064","action":"FETCH_UX_CONFIG", "result":""}
{"logTime": "0829/044030", "correlationVector":"9A8D1B96E58D4EB2A8B8F9BCCD9BF43A","action":"FETCH_UX_CONFIG", "result":""}
{"logTime": "0829/054030", "correlationVector":"CC7103B4FE454B92968E7DBFC6186622","action":"FETCH_UX_CONFIG", "result":""}
{"logTime": "0829/064030", "correlationVector":"01F658E5B957417EA5F31C7ACA568A83","action":"FETCH_UX_CONFIG", "result":""}
{"logTime": "0829/065425", "correlationVector":"j7g9Ty2LDigeh9VL4SR99R","action":"EXTENSION_UPDATER", "result":""}
{"logTime": "0829/065425", "correlationVector":"G+U4/udPTui6IfD5NFrIt0","action":"EXTENSION_UPDATE_SERVICE", "result":""}
{"logTime": "0829/074031", "correlationVector":"6C317D2B70244BCCB3DCB32880B9D4A9","action":"FETCH_UX_CONFIG", "result":""}
{"logTime": "0829/074036", "correlationVector":"r+uclcIgpwcKhs7ZMPB+um","action":"EXTENSION_UPDATE_SERVICE", "result":""}
{"logTime": "0829/074323", "correlationVector":"aH6HSFGiK+Bo0ITx6hFufv","action":"EXTENSION_ACTIVITY_LOG_STATUS_FETCHER", "result":""}
{"logTime": "0829/084030", "correlationVector":"DD2DC8E1874D482F848FF087C1DD40E0","action":"FETCH_UX_CONFIG", "result":""}
{"logTime": "0829/094030", "correlationVector":"4515E5CBDD99418C8CEF0F82F6DF0AE9","action":"FETCH_UX_CONFIG", "result":""}
{"logTime": "0829/104030", "correlationVector":"75A07123843343689D7C0EB4859FE267","action":"FETCH_UX_CONFIG", "result":""}
{"logTime": "0829/105431", "correlationVector":"J2yMlnqKW3lxkib651cJlQ","action":"EXTENSION_UPDATER", "result":""}
{"logTime": "0829/105431", "correlationVector":"+lx3zPFUZI0K7/G8wxaFDx","action":"EXTENSION_UPDATE_SERVICE", "result":""}
{"logTime": "0829/114030", "correlationVector":"96D5A9B0C1D947E2B659C9EC6357E719","action":"FETCH_UX_CONFIG", "result":""}
{"logTime": "0829/122504", "correlationVector":"ou2PLn5IofUH4RKyLLz6EJ","action":"EXTENSION_UPDATE_SERVICE", "result":""}
{"logTime": "0829/124030", "correlationVector":"E8F51681087F4247AADE6E3D5C67CAD5","action":"FETCH_UX_CONFIG", "result":""}
{"logTime": "0829/124328", "correlationVector":"r2mISvs1HyXSfnUiKFtN0D","action":"EXTENSION_ACTIVITY_LOG_STATUS_FETCHER", "result":""}
{"logTime": "0829/134030", "correlationVector":"0831BD0E111C44CBA2F76612AFAB62E7","action":"FETCH_UX_CONFIG", "result":""}
{"logTime": "0829/144030", "correlationVector":"C4A6B8D864D64F8EA46F371D844C1DA5","action":"FETCH_UX_CONFIG", "result":""}
{"logTime": "0829/154030", "correlationVector":"E701DBC9295B4423B8AB911264F266E5","action":"FETCH_UX_CONFIG", "result":""}
{"logTime": "0829/155042", "correlationVector":"Qao/YgqYPXuZ+mZP4W9vqT","action":"EXTENSION_UPDATER", "result":""}
{"logTime": "0829/155042", "correlationVector":"ZYRlK2EnK2771MiLWAQYR1","action":"EXTENSION_UPDATE_SERVICE", "result":""}
{"logTime": "0829/164028", "correlationVector":"CA06A12DD08B4EE5AA568DBBE63AA62F","action":"FETCH_UX_CONFIG", "result":""}
{"logTime": "0829/173231", "correlationVector":"uSqPIi4Dc1hUT6E4SSC3Ar","action":"EXTENSION_UPDATE_SERVICE", "result":""}
{"logTime": "0829/174028", "correlationVector":"2CE4122181FD4FEFAC2FDEC651B287A9","action":"FETCH_UX_CONFIG", "result":""}
{"logTime": "0829/174327", "correlationVector":"qVoQnIqbnGZNIu4rUGwKD1","action":"EXTENSION_ACTIVITY_LOG_STATUS_FETCHER", "result":""}
{"logTime": "0829/184028", "correlationVector":"767B59DAFD434138B01FA4C5603FDB21","action":"FETCH_UX_CONFIG", "result":""}
{"logTime": "0829/194028", "correlationVector":"607B1A64BF6E43758DE614D503758F0B","action":"FETCH_UX_CONFIG", "result":""}
{"logTime": "0829/201913", "correlationVector":"LtavWxtTp/nE21GXg8BfjG","action":"EXTENSION_UPDATER", "result":""}
{"logTime": "0829/201913", "correlationVector":"1Q2N20RitO10hNN3iQtEOZ","action":"EXTENSION_UPDATE_SERVICE", "result":""}
{"logTime": "0829/204028", "correlationVector":"5C2E28DE1AA8445F8FC79F7F1DB8428A","action":"FETCH_UX_CONFIG", "result":""}
{"logTime": "0829/231114", "correlationVector":"JwLL+EqoVX6TqDw/x2E7xu","action":"EXTENSION_ACTIVITY_LOG_STATUS_FETCHER", "result":""}
{"logTime": "0829/231403", "correlationVector":"bLOH2hXeRZfTLC1IYSUx/M","action":"EXTENSION_UPDATE_SERVICE", "result":""}
{"logTime": "0830/163735", "correlationVector":"D277D30B871349DAABE3C66D04FCDEE5","action":"FETCH_UX_CONFIG", "result":""}
{"logTime": "0830/163742", "correlationVector":"s2w3IGJqXlsbq3auqHvmuZ","action":"EXTENSION_UPDATER", "result":""}
{"logTime": "0830/163743", "correlationVector":"CMkNbhtTjSuFKoSU8utZR+","action":"EXTENSION_UPDATE_SERVICE", "result":""}
{"logTime": "0830/163749", "correlationVector":"U2qjN7hhFOakUbI5Z3Nc9Y","action":"EXTENSION_UPDATE_SERVICE", "result":""}
{"logTime": "0830/163838", "correlationVector":"iHdEAlU0TemYNsF8pJhCR8","action":"EXTENSION_ACTIVITY_LOG_STATUS_FETCHER", "result":""}
{"logTime": "0830/173734", "correlationVector":"6EEB06379FF34DB98C4497B394FC27FD","action":"FETCH_UX_CONFIG", "result":""}
{"logTime": "0830/183734", "correlationVector":"800BCD50315343539549004D95D9BB64","action":"FETCH_UX_CONFIG", "result":""}
{"logTime": "0830/193734", "correlationVector":"1AB2F068B43E425897BDC4189574A486","action":"FETCH_UX_CONFIG", "result":""}
{"logTime": "0830/203734", "correlationVector":"8793216A90AB430B815EE5A6C8991643","action":"FETCH_UX_CONFIG", "result":""}
{"logTime": "0830/205118", "correlationVector":"33SZfluepstVMPxq6GqAqM","action":"EXTENSION_UPDATER", "result":""}
{"logTime": "0830/205118", "correlationVector":"RGlObxrX1xfROnLqt4H++A","action":"EXTENSION_UPDATE_SERVICE", "result":""}
{"logTime": "0830/212847", "correlationVector":"YMblOBUrt5if/E2rsxH352","action":"EXTENSION_UPDATE_SERVICE", "result":""}
{"logTime": "0830/213734", "correlationVector":"F535AC86BD7346D9A723C011CF671CFE","action":"FETCH_UX_CONFIG", "result":""}
{"logTime": "0830/213838", "correlationVector":"BNLvOUXMCTLcbRewXRIWyS","action":"EXTENSION_ACTIVITY_LOG_STATUS_FETCHER", "result":""}
{"logTime": "0830/223734", "correlationVector":"FD4E2CCEA7A24910B8289BD6A7D4D802","action":"FETCH_UX_CONFIG", "result":""}
{"logTime": "0831/161222", "correlationVector":"8E728C689631463789C640D753B9C58F","action":"FETCH_UX_CONFIG", "result":""}
{"logTime": "0831/161226", "correlationVector":"jfQzQe14yK6tH8DXPdUjZ+","action":"EXTENSION_UPDATER", "result":""}
{"logTime": "0831/161226", "correlationVector":"iHWdL0Q95kq9KAePcONKSw","action":"EXTENSION_UPDATE_SERVICE", "result":""}
{"logTime": "0831/161244", "correlationVector":"3mK27wl0wMA1jbf3Y0JQHv","action":"EXTENSION_UPDATE_SERVICE", "result":""}
{"logTime": "0831/161455", "correlationVector":"CUU+j7N/2WoIKi1N7My/a2","action":"EXTENSION_ACTIVITY_LOG_STATUS_FETCHER", "result":""}
{"logTime": "0831/171220", "correlationVector":"2DFFA2AA4A5747EC9E66D4604C594686","action":"FETCH_UX_CONFIG", "result":""}
{"logTime": "0831/181221", "correlationVector":"48BC92C284B14EC1BE6516A9762D7497","action":"FETCH_UX_CONFIG", "result":""}
{"logTime": "0831/191219", "correlationVector":"C4116BB4162C4631A5AF347C4416A903","action":"FETCH_UX_CONFIG", "result":""}
{"logTime": "0831/201219", "correlationVector":"65D397AD69D44D77855CCCB0D8CBF5CE","action":"FETCH_UX_CONFIG", "result":""}
{"logTime": "0831/211219", "correlationVector":"F153EC69586D42EE98E8216113B06EF9","action":"FETCH_UX_CONFIG", "result":""}
{"logTime": "0831/211454", "correlationVector":"7Ufy0JjHpSxPaFHrrSnwvo","action":"EXTENSION_ACTIVITY_LOG_STATUS_FETCHER", "result":""}
{"logTime": "0831/211927", "correlationVector":"fmWJsjoQPIuJEGBn7SZVjJ","action":"EXTENSION_UPDATE_SERVICE", "result":""}
{"logTime": "0831/214520", "correlationVector":"+gXZRHbTVicOgDE91XxcZs","action":"EXTENSION_UPDATER", "result":""}
{"logTime": "0831/214520", "correlationVector":"+wrJyo4Mq+9Gai5Iy9iJf5","action":"EXTENSION_UPDATE_SERVICE", "result":""}
{"logTime": "0831/221219", "correlationVector":"B3D69C6B23C04397B24E51AC6D511907","action":"FETCH_UX_CONFIG", "result":""}
{"logTime": "0831/231219", "correlationVector":"86DA6607A58D4E92AEB462977F15CAE3","action":"FETCH_UX_CONFIG", "result":""}
{"logTime": "0901/001219", "correlationVector":"AA12BDB8C7074941A8536FBEDEDEFA1D","action":"FETCH_UX_CONFIG", "result":""}
{"logTime": "0901/011219", "correlationVector":"917D3CF3083047E9A56AA8B042E39E2C","action":"FETCH_UX_CONFIG", "result":""}
{"logTime": "0901/021219", "correlationVector":"5E501A2C1AA347A797BC9CA6573CD23B","action":"FETCH_UX_CONFIG", "result":""}
{"logTime": "0901/021223", "correlationVector":"PcV8/ZbaZ7RXLFXNB856lb","action":"EXTENSION_UPDATE_SERVICE", "result":""}
{"logTime": "0901/021454", "correlationVector":"3A5yrWi0cDm3MdKIg0zxFT","action":"EXTENSION_ACTIVITY_LOG_STATUS_FETCHER", "result":""}
{"logTime": "0901/024643", "correlationVector":"0XXc1iEalhzxHx+zdAhS7O","action":"EXTENSION_UPDATER", "result":""}
{"logTime": "0901/024643", "correlationVector":"M0z8ByMV5BPzuBNxYUnDqx","action":"EXTENSION_UPDATE_SERVICE", "result":""}
{"logTime": "0901/031219", "correlationVector":"512B3728D9FE4411A0D5BB6D14369196","action":"FETCH_UX_CONFIG", "result":""}
{"logTime": "0901/041219", "correlationVector":"378B2BC7667C4B829C4ECE5AA792BB0F","action":"FETCH_UX_CONFIG", "result":""}
{"logTime": "0901/051219", "correlationVector":"1C4B90A9C5634B799A922CE62875AB93","action":"FETCH_UX_CONFIG", "result":""}
{"logTime": "0901/061219", "correlationVector":"67450A47706048A6B22E18CB8D270A7C","action":"FETCH_UX_CONFIG", "result":""}
{"logTime": "0901/071219", "correlationVector":"E398116B27494EE5861863117F9FE1FF","action":"FETCH_UX_CONFIG", "result":""}
{"logTime": "0901/071225", "correlationVector":"kh3UmUUxPbSjYnYCkM7/aJ","action":"EXTENSION_UPDATE_SERVICE", "result":""}
{"logTime": "0901/071454", "correlationVector":"e9eCDwxVUos+O6UBPLchsn","action":"EXTENSION_ACTIVITY_LOG_STATUS_FETCHER", "result":""}
{"logTime": "0901/081219", "correlationVector":"6A4ABCDDED07445B94991A9F3AF67455","action":"FETCH_UX_CONFIG", "result":""}
{"logTime": "0901/083826", "correlationVector":"Nf4SxyVyatXd0uIhuWH7xM","action":"EXTENSION_UPDATER", "result":""}
{"logTime": "0901/083826", "correlationVector":"eCa1PcqmWQQv2HUnsW5sgv","action":"EXTENSION_UPDATE_SERVICE", "result":""}
{"logTime": "0901/091219", "correlationVector":"F01A9A7C13334F46845C6A6251AA0CDE","action":"FETCH_UX_CONFIG", "result":""}
{"logTime": "0901/101219", "correlationVector":"C57BB933E3C04F64A49DD742CFB64C79","action":"FETCH_UX_CONFIG", "result":""}
{"logTime": "0901/111219", "correlationVector":"92359FA7E9304789999042EA196B143B","action":"FETCH_UX_CONFIG", "result":""}
{"logTime": "0901/121219", "correlationVector":"5A59C14E844B4DDF8196C8F7645C420B","action":"FETCH_UX_CONFIG", "result":""}
{"logTime": "0901/121226", "correlationVector":"1L8LENCfGTDLgDul56faPL","action":"EXTENSION_UPDATE_SERVICE", "result":""}
{"logTime": "0901/121455", "correlationVector":"GJaiAW4muh96jzsmSpPD0R","action":"EXTENSION_ACTIVITY_LOG_STATUS_FETCHER", "result":""}
{"logTime": "0901/124016", "correlationVector":"22DfVKIgeETPHbadAoPrOf","action":"EXTENSION_UPDATER", "result":""}
{"logTime": "0901/124016", "correlationVector":"q7am9H/73JBgmkTGSPSr3S","action":"EXTENSION_UPDATE_SERVICE", "result":""}
{"logTime": "0901/131219", "correlationVector":"462DE613B70D4A65868CCB0B81172105","action":"FETCH_UX_CONFIG", "result":""}
{"logTime": "0901/141219", "correlationVector":"45FD22A6E1374EF2B2E48B603BA7AE91","action":"FETCH_UX_CONFIG", "result":""}
{"logTime": "0901/151219", "correlationVector":"0A300D186A1E40C092CFBE69B3129B43","action":"FETCH_UX_CONFIG", "result":""}
{"logTime": "0901/161219", "correlationVector":"1E0C58D14EC241AA8D4104CCF3E3DB8D","action":"FETCH_UX_CONFIG", "result":""}
{"logTime": "0901/171218", "correlationVector":"C1054168D1E941D3881CF2FCC5C23898","action":"FETCH_UX_CONFIG", "result":""}
{"logTime": "0901/171454", "correlationVector":"mEthU/Xcprg+4slml2+n1s","action":"EXTENSION_UPDATE_SERVICE", "result":""}
{"logTime": "0901/171454", "correlationVector":"OhtCUtj7lWaxyn0ds69JdG","action":"EXTENSION_ACTIVITY_LOG_STATUS_FETCHER", "result":""}
{"logTime": "0901/175432", "correlationVector":"4brldK+GDuZ8bZlYIYCvFC","action":"EXTENSION_UPDATER", "result":""}
{"logTime": "0901/175432", "correlationVector":"60RL1QL4e2UE7/F0EXx4el","action":"EXTENSION_UPDATE_SERVICE", "result":""}
{"logTime": "0901/181218", "correlationVector":"A4CA556CE4BB45EB8414561B370B228F","action":"FETCH_UX_CONFIG", "result":""}
{"logTime": "0901/191218", "correlationVector":"6A7FD6F6C78542959DCA559BFC28B2E3","action":"FETCH_UX_CONFIG", "result":""}
{"logTime": "0901/201218", "correlationVector":"B56ACB0EA8C64DABB6FB794673D21CEE","action":"FETCH_UX_CONFIG", "result":""}
{"logTime": "0901/211218", "correlationVector":"A718A2F77E0E4FD3AE6E7C4E2D150E35","action":"FETCH_UX_CONFIG", "result":""}
{"logTime": "0901/221218", "correlationVector":"41A65DF6A0604E82B7C1C1C0566498E3","action":"FETCH_UX_CONFIG", "result":""}
{"logTime": "0901/221454", "correlationVector":"zPYIyriJuH2OiQMd0Jxg0D","action":"EXTENSION_ACTIVITY_LOG_STATUS_FETCHER", "result":""}
{"logTime": "0901/221554", "correlationVector":"jFuPMjeh3LTmLRYS7M3E5n","action":"EXTENSION_UPDATE_SERVICE", "result":""}
{"logTime": "0901/222208", "correlationVector":"1hRsYA5r9OMvt5+cBAfbY1","action":"EXTENSION_UPDATER", "result":""}
{"logTime": "0901/222208", "correlationVector":"pBQaBp9+UQWJn8Rorrr86X","action":"EXTENSION_UPDATE_SERVICE", "result":""}
{"logTime": "0901/231218", "correlationVector":"62D67EE80B384C4FBA6CF1780FFF3A75","action":"FETCH_UX_CONFIG", "result":""}
{"logTime": "0902/001218", "correlationVector":"67CE10CE87DB48689C8D509940E4CEBC","action":"FETCH_UX_CONFIG", "result":""}
{"logTime": "0902/011218", "correlationVector":"6A252D6C072F4615B05388A5EFF3FA04","action":"FETCH_UX_CONFIG", "result":""}
{"logTime": "0902/021218", "correlationVector":"F65E2D2B2A9A469F8503D3EF88060765","action":"FETCH_UX_CONFIG", "result":""}
{"logTime": "0902/030421", "correlationVector":"PEf6Lhki5AGSMjbkPbnAww","action":"EXTENSION_UPDATE_SERVICE", "result":""}
{"logTime": "0902/030559", "correlationVector":"1OcA9cyZiFs060mVXTBZMv","action":"EXTENSION_UPDATER", "result":""}
{"logTime": "0902/030559", "correlationVector":"rXePC0012foPyMrEVFowxC","action":"EXTENSION_UPDATE_SERVICE", "result":""}
{"logTime": "0902/031218", "correlationVector":"C69401A0DEA84E6F8A85C3AE4A307BFF","action":"FETCH_UX_CONFIG", "result":""}
{"logTime": "0902/031220", "correlationVector":"Cx+o8wRE9hy+PK4QKdTk7Q","action":"EXTENSION_UPDATER", "result":""}
{"logTime": "0902/031220", "correlationVector":"nKeK+uSjQHDHxhYQeqhnv1","action":"EXTENSION_UPDATE_SERVICE", "result":""}
{"logTime": "0902/031220", "correlationVector":"368220F37CFD443DA49A3671BE1F2A02","action":"FETCH_UX_CONFIG", "result":""}
{"logTime": "0902/031224", "correlationVector":"aW57UIn4pNGuphOoJ4CGGa","action":"EXTENSION_UPDATE_SERVICE", "result":""}
{"logTime": "0902/031336", "correlationVector":"2YFsiPISSB3WIRiQQHOdbp","action":"EXTENSION_ACTIVITY_LOG_STATUS_FETCHER", "result":""}
{"logTime": "0902/141037", "correlationVector":"6AA8E87A8B6E42FD9D59F312D3DECB8B","action":"FETCH_UX_CONFIG", "result":""}
{"logTime": "0902/141039", "correlationVector":"LZmbF7NuCefpHnCBKXd4V7","action":"EXTENSION_UPDATER", "result":""}
{"logTime": "0902/141039", "correlationVector":"+8qxo+N/Y6GUlg3RvvnD+5","action":"EXTENSION_UPDATE_SERVICE", "result":""}
{"logTime": "0902/141051", "correlationVector":"TC39l4P0JXR1z6KeMF6KCJ","action":"EXTENSION_UPDATE_SERVICE", "result":""}
{"logTime": "0902/141214", "correlationVector":"vSInHo+qUw4lU31raoWSSO","action":"EXTENSION_ACTIVITY_LOG_STATUS_FETCHER", "result":""}
{"logTime": "0902/151035", "correlationVector":"A23474C7BA524FDCA0462A15E39C4681","action":"FETCH_UX_CONFIG", "result":""}
{"logTime": "0902/161035", "correlationVector":"2C8821F345D2452BAC037800692F0227","action":"FETCH_UX_CONFIG", "result":""}
{"logTime": "0902/171035", "correlationVector":"5216224A80F14BB5A757CD8992AB7BCD","action":"FETCH_UX_CONFIG", "result":""}
{"logTime": "0902/171037", "correlationVector":"VH99mDK2Te7cit8vflhaDl","action":"EXTENSION_UPDATER", "result":""}
{"logTime": "0902/171037", "correlationVector":"GMu0mo6NRcPq05aMfLiv8f","action":"EXTENSION_UPDATE_SERVICE", "result":""}
{"logTime": "0902/171037", "correlationVector":"A31D79D5522344ECBA7BEDE2B7BA8E0E","action":"FETCH_UX_CONFIG", "result":""}
{"logTime": "0902/171041", "correlationVector":"J58UBDDInnFjZrAvUK6MXj","action":"EXTENSION_UPDATE_SERVICE", "result":""}
{"logTime": "0902/171336", "correlationVector":"kWkaT0ajif/UXiABtXSV9n","action":"EXTENSION_ACTIVITY_LOG_STATUS_FETCHER", "result":""}
{"logTime": "0902/181036", "correlationVector":"A5B189A2141545F7BCC022C2970640D1","action":"FETCH_UX_CONFIG", "result":""}
{"logTime": "0902/191036", "correlationVector":"33BD0D1A5FE94D7086676CF963522508","action":"FETCH_UX_CONFIG", "result":""}
{"logTime": "0902/201037", "correlationVector":"6DAE0E24A3C5445C8F9B35CC79183B8B","action":"FETCH_UX_CONFIG", "result":""}
{"logTime": "0902/211037", "correlationVector":"FB6B0F27756340C8952801627ABFD0C1","action":"FETCH_UX_CONFIG", "result":""}
{"logTime": "0902/220435", "correlationVector":"AZbKGY2w0w2cOY1OFU1e4t","action":"EXTENSION_UPDATE_SERVICE", "result":""}
{"logTime": "0902/221037", "correlationVector":"7933824DAEFA4421B7D7E1A91E009B6F","action":"FETCH_UX_CONFIG", "result":""}
{"logTime": "0902/221337", "correlationVector":"jpsAulgUA7AiTE6R63PHUp","action":"EXTENSION_ACTIVITY_LOG_STATUS_FETCHER", "result":""}
{"logTime": "0902/223306", "correlationVector":"36SNtrMpwia9eXgCkzRJiP","action":"EXTENSION_UPDATER", "result":""}
{"logTime": "0902/223306", "correlationVector":"jQvR4SasGnrOay2CXHoYw5","action":"EXTENSION_UPDATE_SERVICE", "result":""}
{"logTime": "0902/231037", "correlationVector":"82AA1DB56D6340988285120B5A7E6A78","action":"FETCH_UX_CONFIG", "result":""}
